[debug] [2020-10-05T15:42:34.657Z] ----------------------------------------------------------------------
[debug] [2020-10-05T15:42:34.658Z] Command:       /usr/local/Cellar/node/14.7.0/bin/node /usr/local/bin/firebase emulators:start
[debug] [2020-10-05T15:42:34.659Z] CLI Version:   8.11.2
[debug] [2020-10-05T15:42:34.659Z] Platform:      darwin
[debug] [2020-10-05T15:42:34.659Z] Node Version:  v14.7.0
[debug] [2020-10-05T15:42:34.661Z] Time:          Tue Oct 06 2020 00:42:34 GMT+0900 (대한민국 표준시)
[debug] [2020-10-05T15:42:34.661Z] ----------------------------------------------------------------------
[debug] [2020-10-05T15:42:34.661Z] 
[debug] [2020-10-05T15:42:34.669Z] > command requires scopes: ["email","openid","https://www.googleapis.com/auth/cloudplatformprojects.readonly","https://www.googleapis.com/auth/firebase","https://www.googleapis.com/auth/cloud-platform"]
[debug] [2020-10-05T15:42:34.669Z] > authorizing via signed-in user
[info] i  emulators: Starting emulators: functions, hosting {"metadata":{"emulator":{"name":"hub"},"message":"Starting emulators: functions, hosting"}}
[debug] [2020-10-05T15:42:34.690Z] [hub] writing locator at /var/folders/zz/44q1h2b57f11xlbbyc0jr3xm0000gn/T/hub-clone-31f17.json
[warn] ⚠  functions: The following emulators are not running, calls to these services from the Functions emulator will affect production: auth, firestore, database, pubsub {"metadata":{"emulator":{"name":"functions"},"message":"The following emulators are not running, calls to these services from the Functions emulator will affect production: \u001b[1mauth, firestore, database, pubsub\u001b[22m"}}
[warn] ⚠  Your requested "node" version "10" doesn't match your global version "14" {"metadata":{"emulator":{"name":"functions"},"message":"Your requested \"node\" version \"10\" doesn't match your global version \"14\""}}
[debug] [2020-10-05T15:42:34.724Z] defaultcredentials: writing to file /Users/jsyovo/.config/firebase/wotjq5113_gmail_com_application_default_credentials.json
[debug] [2020-10-05T15:42:34.727Z] Setting GAC to /Users/jsyovo/.config/firebase/wotjq5113_gmail_com_application_default_credentials.json {"metadata":{"emulator":{"name":"functions"},"message":"Setting GAC to /Users/jsyovo/.config/firebase/wotjq5113_gmail_com_application_default_credentials.json"}}
[debug] [2020-10-05T15:42:34.988Z] > refreshing access token with scopes: ["email","https://www.googleapis.com/auth/cloud-platform","https://www.googleapis.com/auth/cloudplatformprojects.readonly","https://www.googleapis.com/auth/firebase","openid"]
[debug] [2020-10-05T15:42:34.988Z] >>> HTTP REQUEST POST https://www.googleapis.com/oauth2/v3/token  
 <request body omitted>
[debug] [2020-10-05T15:42:35.295Z] <<< HTTP RESPONSE 200 {"content-type":"application/json; charset=utf-8","vary":"X-Origin, Referer, Origin,Accept-Encoding","date":"Mon, 05 Oct 2020 15:42:35 GMT","server":"scaffolding on HTTPServer2","cache-control":"private","x-xss-protection":"0","x-frame-options":"SAMEORIGIN","x-content-type-options":"nosniff","alt-svc":"h3-Q050=\":443\"; ma=2592000,h3-29=\":443\"; ma=2592000,h3-27=\":443\"; ma=2592000,h3-T051=\":443\"; ma=2592000,h3-T050=\":443\"; ma=2592000,h3-Q046=\":443\"; ma=2592000,h3-Q043=\":443\"; ma=2592000,quic=\":443\"; ma=2592000; v=\"46,43\"","accept-ranges":"none","transfer-encoding":"chunked"}
[debug] [2020-10-05T15:42:35.325Z] >>> HTTP REQUEST GET https://firebase.googleapis.com/v1beta1/projects/clone-31f17/webApps/-/config  
 
[debug] [2020-10-05T15:42:36.871Z] <<< HTTP RESPONSE 200 {"content-type":"application/json; charset=UTF-8","vary":"X-Origin, Referer, Origin,Accept-Encoding","date":"Mon, 05 Oct 2020 15:42:36 GMT","server":"ESF","cache-control":"private","x-xss-protection":"0","x-frame-options":"SAMEORIGIN","x-content-type-options":"nosniff","alt-svc":"h3-Q050=\":443\"; ma=2592000,h3-29=\":443\"; ma=2592000,h3-27=\":443\"; ma=2592000,h3-T051=\":443\"; ma=2592000,h3-T050=\":443\"; ma=2592000,h3-Q046=\":443\"; ma=2592000,h3-Q043=\":443\"; ma=2592000,quic=\":443\"; ma=2592000; v=\"46,43\"","accept-ranges":"none","transfer-encoding":"chunked"}
[info] i  hosting: Serving hosting files from: build {"metadata":{"emulator":{"name":"hosting"},"message":"Serving hosting files from: \u001b[1mbuild\u001b[22m"}}
[info] ✔  hosting: Local server: http://localhost:5000 {"metadata":{"emulator":{"name":"hosting"},"message":"Local server: \u001b[4m\u001b[1mhttp://localhost:5000\u001b[22m\u001b[24m"}}
[warn] ⚠  ui: Emulator UI unable to start on port 4000, starting on 4002 instead. {"metadata":{"emulator":{"name":"ui"},"message":"Emulator UI unable to start on port 4000, starting on 4002 instead."}}
[debug] [2020-10-05T15:42:37.420Z] Ignoring unsupported arg: auto_download {"metadata":{"emulator":{"name":"ui"},"message":"Ignoring unsupported arg: auto_download"}}
[debug] [2020-10-05T15:42:37.420Z] Ignoring unsupported arg: port {"metadata":{"emulator":{"name":"ui"},"message":"Ignoring unsupported arg: port"}}
[debug] [2020-10-05T15:42:37.420Z] Starting Emulator UI with command {"binary":"node","args":["/Users/jsyovo/.cache/firebase/emulators/ui-v1.1.1/server.bundle.js"],"optionalArgs":[],"joinArgs":false} {"metadata":{"emulator":{"name":"ui"},"message":"Starting Emulator UI with command {\"binary\":\"node\",\"args\":[\"/Users/jsyovo/.cache/firebase/emulators/ui-v1.1.1/server.bundle.js\"],\"optionalArgs\":[],\"joinArgs\":false}"}}
[info] i  ui: Emulator UI logging to ui-debug.log {"metadata":{"emulator":{"name":"ui"},"message":"Emulator UI logging to \u001b[1mui-debug.log\u001b[22m"}}
[debug] [2020-10-05T15:42:37.516Z] Web / API server started at http://localhost:4002
 {"metadata":{"emulator":{"name":"ui"},"message":"Web / API server started at http://localhost:4002\n"}}
[info] i  functions: Watching "/Users/jsyovo/Documents/2. MyRepository/2-ReactJS/6-amazon-clone/functions" for Cloud Functions... {"metadata":{"emulator":{"name":"functions"},"message":"Watching \"/Users/jsyovo/Documents/2. MyRepository/2-ReactJS/6-amazon-clone/functions\" for Cloud Functions..."}}
[debug] [2020-10-05T15:42:37.690Z] [worker-pool] addWorker(~diagnostic~) {"metadata":{"emulator":{"name":"functions"},"message":"[worker-pool] addWorker(~diagnostic~)"}}
[debug] [2020-10-05T15:42:37.690Z] [worker-pool] Adding worker with key ~diagnostic~, total=1 {"metadata":{"emulator":{"name":"functions"},"message":"[worker-pool] Adding worker with key ~diagnostic~, total=1"}}
[debug] [2020-10-05T15:42:37.690Z] [worker-pool] submitWork(triggerId=) {"metadata":{"emulator":{"name":"functions"},"message":"[worker-pool] submitWork(triggerId=)"}}
[debug] [2020-10-05T15:42:37.691Z] [worker-~diagnostic~-cd378368-3278-4808-a6df-bacf27c368ce]: Assigning socketPath: /var/folders/zz/44q1h2b57f11xlbbyc0jr3xm0000gn/T/fire_emu_68524.sock {"metadata":{"emulator":{"name":"functions"},"message":"[worker-~diagnostic~-cd378368-3278-4808-a6df-bacf27c368ce]: Assigning socketPath: /var/folders/zz/44q1h2b57f11xlbbyc0jr3xm0000gn/T/fire_emu_68524.sock"}}
[debug] [2020-10-05T15:42:37.691Z] [worker-~diagnostic~-cd378368-3278-4808-a6df-bacf27c368ce]: BUSY {"metadata":{"emulator":{"name":"functions"},"message":"[worker-~diagnostic~-cd378368-3278-4808-a6df-bacf27c368ce]: BUSY"}}
[debug] [2020-10-05T15:42:37.943Z] [runtime-status] [68524] Functions runtime initialized. {"cwd":"/Users/jsyovo/Documents/2. MyRepository/2-ReactJS/6-amazon-clone/functions","node_version":"14.7.0"} {"metadata":{"emulator":{"name":"functions"},"message":"[runtime-status] [68524] Functions runtime initialized. {\"cwd\":\"/Users/jsyovo/Documents/2. MyRepository/2-ReactJS/6-amazon-clone/functions\",\"node_version\":\"14.7.0\"}"}}
[debug] [2020-10-05T15:42:37.945Z] [runtime-status] [68524] Disabled runtime features: undefined {"metadata":{"emulator":{"name":"functions"},"message":"[runtime-status] [68524] Disabled runtime features: undefined"}}
[debug] [2020-10-05T15:42:37.948Z] [runtime-status] [68524] Resolved module firebase-admin {"declared":true,"installed":true,"version":"8.13.0","resolution":"/Users/jsyovo/Documents/2. MyRepository/2-ReactJS/6-amazon-clone/functions/node_modules/firebase-admin/lib/index.js"} {"metadata":{"emulator":{"name":"functions"},"message":"[runtime-status] [68524] Resolved module firebase-admin {\"declared\":true,\"installed\":true,\"version\":\"8.13.0\",\"resolution\":\"/Users/jsyovo/Documents/2. MyRepository/2-ReactJS/6-amazon-clone/functions/node_modules/firebase-admin/lib/index.js\"}"}}
[debug] [2020-10-05T15:42:37.949Z] [runtime-status] [68524] Resolved module firebase-functions {"declared":true,"installed":true,"version":"3.11.0","resolution":"/Users/jsyovo/Documents/2. MyRepository/2-ReactJS/6-amazon-clone/functions/node_modules/firebase-functions/lib/index.js"} {"metadata":{"emulator":{"name":"functions"},"message":"[runtime-status] [68524] Resolved module firebase-functions {\"declared\":true,\"installed\":true,\"version\":\"3.11.0\",\"resolution\":\"/Users/jsyovo/Documents/2. MyRepository/2-ReactJS/6-amazon-clone/functions/node_modules/firebase-functions/lib/index.js\"}"}}
[debug] [2020-10-05T15:42:37.950Z] [runtime-status] [68524] Resolved module firebase-functions {"declared":true,"installed":true,"version":"3.11.0","resolution":"/Users/jsyovo/Documents/2. MyRepository/2-ReactJS/6-amazon-clone/functions/node_modules/firebase-functions/lib/index.js"} {"metadata":{"emulator":{"name":"functions"},"message":"[runtime-status] [68524] Resolved module firebase-functions {\"declared\":true,\"installed\":true,\"version\":\"3.11.0\",\"resolution\":\"/Users/jsyovo/Documents/2. MyRepository/2-ReactJS/6-amazon-clone/functions/node_modules/firebase-functions/lib/index.js\"}"}}
[debug] [2020-10-05T15:42:37.952Z] [runtime-status] [68524] Outgoing network have been stubbed. [{"name":"http","status":"mocked"},{"name":"http","status":"mocked"},{"name":"https","status":"mocked"},{"name":"https","status":"mocked"},{"name":"net","status":"mocked"}] {"metadata":{"emulator":{"name":"functions"},"message":"[runtime-status] [68524] Outgoing network have been stubbed. [{\"name\":\"http\",\"status\":\"mocked\"},{\"name\":\"http\",\"status\":\"mocked\"},{\"name\":\"https\",\"status\":\"mocked\"},{\"name\":\"https\",\"status\":\"mocked\"},{\"name\":\"net\",\"status\":\"mocked\"}]"}}
[debug] [2020-10-05T15:42:37.952Z] [runtime-status] [68524] Resolved module firebase-functions {"declared":true,"installed":true,"version":"3.11.0","resolution":"/Users/jsyovo/Documents/2. MyRepository/2-ReactJS/6-amazon-clone/functions/node_modules/firebase-functions/lib/index.js"} {"metadata":{"emulator":{"name":"functions"},"message":"[runtime-status] [68524] Resolved module firebase-functions {\"declared\":true,\"installed\":true,\"version\":\"3.11.0\",\"resolution\":\"/Users/jsyovo/Documents/2. MyRepository/2-ReactJS/6-amazon-clone/functions/node_modules/firebase-functions/lib/index.js\"}"}}
[debug] [2020-10-05T15:42:38.002Z] [runtime-status] [68524] Checked functions.config() {"config":{}} {"metadata":{"emulator":{"name":"functions"},"message":"[runtime-status] [68524] Checked functions.config() {\"config\":{}}"}}
[debug] [2020-10-05T15:42:38.002Z] [runtime-status] [68524] firebase-functions has been stubbed. {"functionsResolution":{"declared":true,"installed":true,"version":"3.11.0","resolution":"/Users/jsyovo/Documents/2. MyRepository/2-ReactJS/6-amazon-clone/functions/node_modules/firebase-functions/lib/index.js"}} {"metadata":{"emulator":{"name":"functions"},"message":"[runtime-status] [68524] firebase-functions has been stubbed. {\"functionsResolution\":{\"declared\":true,\"installed\":true,\"version\":\"3.11.0\",\"resolution\":\"/Users/jsyovo/Documents/2. MyRepository/2-ReactJS/6-amazon-clone/functions/node_modules/firebase-functions/lib/index.js\"}}"}}
[debug] [2020-10-05T15:42:38.002Z] [runtime-status] [68524] Resolved module firebase-functions {"declared":true,"installed":true,"version":"3.11.0","resolution":"/Users/jsyovo/Documents/2. MyRepository/2-ReactJS/6-amazon-clone/functions/node_modules/firebase-functions/lib/index.js"} {"metadata":{"emulator":{"name":"functions"},"message":"[runtime-status] [68524] Resolved module firebase-functions {\"declared\":true,\"installed\":true,\"version\":\"3.11.0\",\"resolution\":\"/Users/jsyovo/Documents/2. MyRepository/2-ReactJS/6-amazon-clone/functions/node_modules/firebase-functions/lib/index.js\"}"}}
[debug] [2020-10-05T15:42:38.003Z] [runtime-status] [68524] Resolved module firebase-admin {"declared":true,"installed":true,"version":"8.13.0","resolution":"/Users/jsyovo/Documents/2. MyRepository/2-ReactJS/6-amazon-clone/functions/node_modules/firebase-admin/lib/index.js"} {"metadata":{"emulator":{"name":"functions"},"message":"[runtime-status] [68524] Resolved module firebase-admin {\"declared\":true,\"installed\":true,\"version\":\"8.13.0\",\"resolution\":\"/Users/jsyovo/Documents/2. MyRepository/2-ReactJS/6-amazon-clone/functions/node_modules/firebase-admin/lib/index.js\"}"}}
[debug] [2020-10-05T15:42:38.003Z] [runtime-status] [68524] Resolved module firebase-functions {"declared":true,"installed":true,"version":"3.11.0","resolution":"/Users/jsyovo/Documents/2. MyRepository/2-ReactJS/6-amazon-clone/functions/node_modules/firebase-functions/lib/index.js"} {"metadata":{"emulator":{"name":"functions"},"message":"[runtime-status] [68524] Resolved module firebase-functions {\"declared\":true,\"installed\":true,\"version\":\"3.11.0\",\"resolution\":\"/Users/jsyovo/Documents/2. MyRepository/2-ReactJS/6-amazon-clone/functions/node_modules/firebase-functions/lib/index.js\"}"}}
[debug] [2020-10-05T15:42:38.004Z] [runtime-status] [68524] firebase-admin has been stubbed. {"adminResolution":{"declared":true,"installed":true,"version":"8.13.0","resolution":"/Users/jsyovo/Documents/2. MyRepository/2-ReactJS/6-amazon-clone/functions/node_modules/firebase-admin/lib/index.js"}} {"metadata":{"emulator":{"name":"functions"},"message":"[runtime-status] [68524] firebase-admin has been stubbed. {\"adminResolution\":{\"declared\":true,\"installed\":true,\"version\":\"8.13.0\",\"resolution\":\"/Users/jsyovo/Documents/2. MyRepository/2-ReactJS/6-amazon-clone/functions/node_modules/firebase-admin/lib/index.js\"}}"}}
[info] ✔  functions[api]: http function initialized (http://localhost:5001/clone-31f17/us-central1/api). {"metadata":{"emulator":{"name":"functions"},"message":"\u001b[1mhttp\u001b[22m function initialized (http://localhost:5001/clone-31f17/us-central1/api)."}}
[info] 
┌───────────────────────────────────────────────────────────────────────┐
│ ✔  All emulators ready! View status and logs at http://localhost:4002 │
└───────────────────────────────────────────────────────────────────────┘

┌───────────┬────────────────┬─────────────────────────────────┐
│ Emulator  │ Host:Port      │ View in Emulator UI             │
├───────────┼────────────────┼─────────────────────────────────┤
│ Functions │ localhost:5001 │ http://localhost:4002/functions │
├───────────┼────────────────┼─────────────────────────────────┤
│ Hosting   │ localhost:5000 │ n/a                             │
└───────────┴────────────────┴─────────────────────────────────┘
  Other reserved ports: 4400, 4500

Issues? Report them at https://github.com/firebase/firebase-tools/issues and attach the *-debug.log files.
 
[debug] [2020-10-05T15:42:38.174Z] [worker-~diagnostic~-cd378368-3278-4808-a6df-bacf27c368ce]: IDLE {"metadata":{"emulator":{"name":"functions"},"message":"[worker-~diagnostic~-cd378368-3278-4808-a6df-bacf27c368ce]: IDLE"}}
[debug] [2020-10-05T15:42:44.559Z] [work-queue] {"queueLength":1,"workRunningCount":0}
[debug] [2020-10-05T15:42:44.559Z] [work-queue] {"queueLength":0,"workRunningCount":1}
[debug] [2020-10-05T15:42:44.559Z] Accepted request GET /clone-31f17/us-central1/api --> api
[debug] [2020-10-05T15:42:44.564Z] [worker-pool] addWorker(api) {"metadata":{"emulator":{"name":"functions"},"message":"[worker-pool] addWorker(api)"}}
[debug] [2020-10-05T15:42:44.564Z] [worker-pool] Adding worker with key api, total=1 {"metadata":{"emulator":{"name":"functions"},"message":"[worker-pool] Adding worker with key api, total=1"}}
[debug] [2020-10-05T15:42:44.564Z] [worker-pool] submitWork(triggerId=api) {"metadata":{"emulator":{"name":"functions"},"message":"[worker-pool] submitWork(triggerId=api)"}}
[debug] [2020-10-05T15:42:44.565Z] [worker-api-33cd80c3-6976-495a-a515-2507bf02a01d]: Assigning socketPath: /var/folders/zz/44q1h2b57f11xlbbyc0jr3xm0000gn/T/fire_emu_68533.sock {"metadata":{"emulator":{"name":"functions"},"message":"[worker-api-33cd80c3-6976-495a-a515-2507bf02a01d]: Assigning socketPath: /var/folders/zz/44q1h2b57f11xlbbyc0jr3xm0000gn/T/fire_emu_68533.sock"}}
[debug] [2020-10-05T15:42:44.565Z] [worker-api-33cd80c3-6976-495a-a515-2507bf02a01d]: BUSY {"metadata":{"emulator":{"name":"functions"},"message":"[worker-api-33cd80c3-6976-495a-a515-2507bf02a01d]: BUSY"}}
[debug] [2020-10-05T15:42:44.862Z] [runtime-status] [68533] Functions runtime initialized. {"cwd":"/Users/jsyovo/Documents/2. MyRepository/2-ReactJS/6-amazon-clone/functions","node_version":"14.7.0"} {"metadata":{"emulator":{"name":"functions"},"function":{"name":"api"},"message":"[runtime-status] [68533] Functions runtime initialized. {\"cwd\":\"/Users/jsyovo/Documents/2. MyRepository/2-ReactJS/6-amazon-clone/functions\",\"node_version\":\"14.7.0\"}"}}
[debug] [2020-10-05T15:42:44.865Z] [runtime-status] [68533] Disabled runtime features: undefined {"metadata":{"emulator":{"name":"functions"},"function":{"name":"api"},"message":"[runtime-status] [68533] Disabled runtime features: undefined"}}
[debug] [2020-10-05T15:42:44.867Z] [runtime-status] [68533] Resolved module firebase-admin {"declared":true,"installed":true,"version":"8.13.0","resolution":"/Users/jsyovo/Documents/2. MyRepository/2-ReactJS/6-amazon-clone/functions/node_modules/firebase-admin/lib/index.js"} {"metadata":{"emulator":{"name":"functions"},"function":{"name":"api"},"message":"[runtime-status] [68533] Resolved module firebase-admin {\"declared\":true,\"installed\":true,\"version\":\"8.13.0\",\"resolution\":\"/Users/jsyovo/Documents/2. MyRepository/2-ReactJS/6-amazon-clone/functions/node_modules/firebase-admin/lib/index.js\"}"}}
[debug] [2020-10-05T15:42:44.868Z] [runtime-status] [68533] Resolved module firebase-functions {"declared":true,"installed":true,"version":"3.11.0","resolution":"/Users/jsyovo/Documents/2. MyRepository/2-ReactJS/6-amazon-clone/functions/node_modules/firebase-functions/lib/index.js"} {"metadata":{"emulator":{"name":"functions"},"function":{"name":"api"},"message":"[runtime-status] [68533] Resolved module firebase-functions {\"declared\":true,\"installed\":true,\"version\":\"3.11.0\",\"resolution\":\"/Users/jsyovo/Documents/2. MyRepository/2-ReactJS/6-amazon-clone/functions/node_modules/firebase-functions/lib/index.js\"}"}}
[debug] [2020-10-05T15:42:44.869Z] [runtime-status] [68533] Resolved module firebase-functions {"declared":true,"installed":true,"version":"3.11.0","resolution":"/Users/jsyovo/Documents/2. MyRepository/2-ReactJS/6-amazon-clone/functions/node_modules/firebase-functions/lib/index.js"} {"metadata":{"emulator":{"name":"functions"},"function":{"name":"api"},"message":"[runtime-status] [68533] Resolved module firebase-functions {\"declared\":true,\"installed\":true,\"version\":\"3.11.0\",\"resolution\":\"/Users/jsyovo/Documents/2. MyRepository/2-ReactJS/6-amazon-clone/functions/node_modules/firebase-functions/lib/index.js\"}"}}
[debug] [2020-10-05T15:42:44.872Z] [runtime-status] [68533] Outgoing network have been stubbed. [{"name":"http","status":"mocked"},{"name":"http","status":"mocked"},{"name":"https","status":"mocked"},{"name":"https","status":"mocked"},{"name":"net","status":"mocked"}] {"metadata":{"emulator":{"name":"functions"},"function":{"name":"api"},"message":"[runtime-status] [68533] Outgoing network have been stubbed. [{\"name\":\"http\",\"status\":\"mocked\"},{\"name\":\"http\",\"status\":\"mocked\"},{\"name\":\"https\",\"status\":\"mocked\"},{\"name\":\"https\",\"status\":\"mocked\"},{\"name\":\"net\",\"status\":\"mocked\"}]"}}
[debug] [2020-10-05T15:42:44.872Z] [runtime-status] [68533] Resolved module firebase-functions {"declared":true,"installed":true,"version":"3.11.0","resolution":"/Users/jsyovo/Documents/2. MyRepository/2-ReactJS/6-amazon-clone/functions/node_modules/firebase-functions/lib/index.js"} {"metadata":{"emulator":{"name":"functions"},"function":{"name":"api"},"message":"[runtime-status] [68533] Resolved module firebase-functions {\"declared\":true,\"installed\":true,\"version\":\"3.11.0\",\"resolution\":\"/Users/jsyovo/Documents/2. MyRepository/2-ReactJS/6-amazon-clone/functions/node_modules/firebase-functions/lib/index.js\"}"}}
[debug] [2020-10-05T15:42:44.900Z] [runtime-status] [68533] Checked functions.config() {"config":{}} {"metadata":{"emulator":{"name":"functions"},"function":{"name":"api"},"message":"[runtime-status] [68533] Checked functions.config() {\"config\":{}}"}}
[debug] [2020-10-05T15:42:44.901Z] [runtime-status] [68533] firebase-functions has been stubbed. {"functionsResolution":{"declared":true,"installed":true,"version":"3.11.0","resolution":"/Users/jsyovo/Documents/2. MyRepository/2-ReactJS/6-amazon-clone/functions/node_modules/firebase-functions/lib/index.js"}} {"metadata":{"emulator":{"name":"functions"},"function":{"name":"api"},"message":"[runtime-status] [68533] firebase-functions has been stubbed. {\"functionsResolution\":{\"declared\":true,\"installed\":true,\"version\":\"3.11.0\",\"resolution\":\"/Users/jsyovo/Documents/2. MyRepository/2-ReactJS/6-amazon-clone/functions/node_modules/firebase-functions/lib/index.js\"}}"}}
[debug] [2020-10-05T15:42:44.901Z] [runtime-status] [68533] Resolved module firebase-functions {"declared":true,"installed":true,"version":"3.11.0","resolution":"/Users/jsyovo/Documents/2. MyRepository/2-ReactJS/6-amazon-clone/functions/node_modules/firebase-functions/lib/index.js"} {"metadata":{"emulator":{"name":"functions"},"function":{"name":"api"},"message":"[runtime-status] [68533] Resolved module firebase-functions {\"declared\":true,\"installed\":true,\"version\":\"3.11.0\",\"resolution\":\"/Users/jsyovo/Documents/2. MyRepository/2-ReactJS/6-amazon-clone/functions/node_modules/firebase-functions/lib/index.js\"}"}}
[debug] [2020-10-05T15:42:44.902Z] [runtime-status] [68533] Resolved module firebase-admin {"declared":true,"installed":true,"version":"8.13.0","resolution":"/Users/jsyovo/Documents/2. MyRepository/2-ReactJS/6-amazon-clone/functions/node_modules/firebase-admin/lib/index.js"} {"metadata":{"emulator":{"name":"functions"},"function":{"name":"api"},"message":"[runtime-status] [68533] Resolved module firebase-admin {\"declared\":true,\"installed\":true,\"version\":\"8.13.0\",\"resolution\":\"/Users/jsyovo/Documents/2. MyRepository/2-ReactJS/6-amazon-clone/functions/node_modules/firebase-admin/lib/index.js\"}"}}
[debug] [2020-10-05T15:42:44.902Z] [runtime-status] [68533] Resolved module firebase-functions {"declared":true,"installed":true,"version":"3.11.0","resolution":"/Users/jsyovo/Documents/2. MyRepository/2-ReactJS/6-amazon-clone/functions/node_modules/firebase-functions/lib/index.js"} {"metadata":{"emulator":{"name":"functions"},"function":{"name":"api"},"message":"[runtime-status] [68533] Resolved module firebase-functions {\"declared\":true,\"installed\":true,\"version\":\"3.11.0\",\"resolution\":\"/Users/jsyovo/Documents/2. MyRepository/2-ReactJS/6-amazon-clone/functions/node_modules/firebase-functions/lib/index.js\"}"}}
[debug] [2020-10-05T15:42:44.902Z] [runtime-status] [68533] firebase-admin has been stubbed. {"adminResolution":{"declared":true,"installed":true,"version":"8.13.0","resolution":"/Users/jsyovo/Documents/2. MyRepository/2-ReactJS/6-amazon-clone/functions/node_modules/firebase-admin/lib/index.js"}} {"metadata":{"emulator":{"name":"functions"},"function":{"name":"api"},"message":"[runtime-status] [68533] firebase-admin has been stubbed. {\"adminResolution\":{\"declared\":true,\"installed\":true,\"version\":\"8.13.0\",\"resolution\":\"/Users/jsyovo/Documents/2. MyRepository/2-ReactJS/6-amazon-clone/functions/node_modules/firebase-admin/lib/index.js\"}}"}}
[debug] [2020-10-05T15:42:44.998Z] [runtime-status] [68533] Trigger "api" has been found, beginning invocation! {"metadata":{"emulator":{"name":"functions"},"function":{"name":"api"},"message":"[runtime-status] [68533] Trigger \"api\" has been found, beginning invocation!"}}
[info] i  functions: Beginning execution of "api" {"metadata":{"emulator":{"name":"functions"},"function":{"name":"api"},"message":"Beginning execution of \"api\""}}
[debug] [2020-10-05T15:42:44.998Z] [runtime-status] [68533] triggerDefinition {"httpsTrigger":{},"name":"api","entryPoint":"api"} {"metadata":{"emulator":{"name":"functions"},"function":{"name":"api"},"message":"[runtime-status] [68533] triggerDefinition {\"httpsTrigger\":{},\"name\":\"api\",\"entryPoint\":\"api\"}"}}
[debug] [2020-10-05T15:42:44.999Z] [runtime-status] [68533] Running api in mode HTTPS {"metadata":{"emulator":{"name":"functions"},"function":{"name":"api"},"message":"[runtime-status] [68533] Running api in mode HTTPS"}}
[debug] [2020-10-05T15:42:45.001Z] [runtime-status] [68533] Attempting to listen to socketPath: /var/folders/zz/44q1h2b57f11xlbbyc0jr3xm0000gn/T/fire_emu_68533.sock {"metadata":{"emulator":{"name":"functions"},"function":{"name":"api"},"message":"[runtime-status] [68533] Attempting to listen to socketPath: /var/folders/zz/44q1h2b57f11xlbbyc0jr3xm0000gn/T/fire_emu_68533.sock"}}
[debug] [2020-10-05T15:42:45.005Z] [functions] Runtime ready! Sending request! {"metadata":{"emulator":{"name":"functions"},"message":"[functions] Runtime ready! Sending request!"}}
[debug] [2020-10-05T15:42:45.017Z] [runtime-status] [68533] Ephemeral server handling GET request {"metadata":{"emulator":{"name":"functions"},"function":{"name":"api"},"message":"[runtime-status] [68533] Ephemeral server handling GET request"}}
[debug] [2020-10-05T15:42:45.023Z] [runtime-status] [68533] Ephemeral server survived. {"metadata":{"emulator":{"name":"functions"},"function":{"name":"api"},"message":"[runtime-status] [68533] Ephemeral server survived."}}
[info] i  functions: Finished "api" in ~1s {"metadata":{"emulator":{"name":"functions"},"function":{"name":"api"},"message":"Finished \"api\" in ~1s"}}
[debug] [2020-10-05T15:42:45.029Z] [worker-api-33cd80c3-6976-495a-a515-2507bf02a01d]: IDLE {"metadata":{"emulator":{"name":"functions"},"message":"[worker-api-33cd80c3-6976-495a-a515-2507bf02a01d]: IDLE"}}
[debug] [2020-10-05T15:42:45.029Z] [work-queue] {"queueLength":0,"workRunningCount":0}
[debug] [2020-10-05T15:43:26.201Z] [work-queue] {"queueLength":1,"workRunningCount":0}
[debug] [2020-10-05T15:43:26.201Z] [work-queue] {"queueLength":0,"workRunningCount":1}
[debug] [2020-10-05T15:43:26.201Z] Accepted request POST /clone-31f17/us-central1/api/payments/create?total=289800 --> api
[debug] [2020-10-05T15:43:26.201Z] [worker-pool] submitWork(triggerId=api) {"metadata":{"emulator":{"name":"functions"},"message":"[worker-pool] submitWork(triggerId=api)"}}
[debug] [2020-10-05T15:43:26.202Z] [worker-api-33cd80c3-6976-495a-a515-2507bf02a01d]: Assigning socketPath: /var/folders/zz/44q1h2b57f11xlbbyc0jr3xm0000gn/T/fire_emu_68533.sock {"metadata":{"emulator":{"name":"functions"},"message":"[worker-api-33cd80c3-6976-495a-a515-2507bf02a01d]: Assigning socketPath: /var/folders/zz/44q1h2b57f11xlbbyc0jr3xm0000gn/T/fire_emu_68533.sock"}}
[debug] [2020-10-05T15:43:26.202Z] [worker-api-33cd80c3-6976-495a-a515-2507bf02a01d]: BUSY {"metadata":{"emulator":{"name":"functions"},"message":"[worker-api-33cd80c3-6976-495a-a515-2507bf02a01d]: BUSY"}}
[debug] [2020-10-05T15:43:26.202Z] [runtime-status] [68533] Trigger "api" has been found, beginning invocation! {"metadata":{"emulator":{"name":"functions"},"function":{"name":"api"},"message":"[runtime-status] [68533] Trigger \"api\" has been found, beginning invocation!"}}
[info] i  functions: Beginning execution of "api" {"metadata":{"emulator":{"name":"functions"},"function":{"name":"api"},"message":"Beginning execution of \"api\""}}
[debug] [2020-10-05T15:43:26.203Z] [runtime-status] [68533] triggerDefinition {"httpsTrigger":{},"name":"api","entryPoint":"api"} {"metadata":{"emulator":{"name":"functions"},"function":{"name":"api"},"message":"[runtime-status] [68533] triggerDefinition {\"httpsTrigger\":{},\"name\":\"api\",\"entryPoint\":\"api\"}"}}
[debug] [2020-10-05T15:43:26.203Z] [runtime-status] [68533] Running api in mode HTTPS {"metadata":{"emulator":{"name":"functions"},"function":{"name":"api"},"message":"[runtime-status] [68533] Running api in mode HTTPS"}}
[debug] [2020-10-05T15:43:26.204Z] [runtime-status] [68533] Attempting to listen to socketPath: /var/folders/zz/44q1h2b57f11xlbbyc0jr3xm0000gn/T/fire_emu_68533.sock {"metadata":{"emulator":{"name":"functions"},"function":{"name":"api"},"message":"[runtime-status] [68533] Attempting to listen to socketPath: /var/folders/zz/44q1h2b57f11xlbbyc0jr3xm0000gn/T/fire_emu_68533.sock"}}
[debug] [2020-10-05T15:43:26.205Z] [functions] Runtime ready! Sending request! {"metadata":{"emulator":{"name":"functions"},"message":"[functions] Runtime ready! Sending request!"}}
[debug] [2020-10-05T15:43:26.209Z] [runtime-status] [68533] Ephemeral server handling POST request {"metadata":{"emulator":{"name":"functions"},"function":{"name":"api"},"message":"[runtime-status] [68533] Ephemeral server handling POST request"}}
[info] >  Payment Request Recieved / Amount >>  289800 {"user":"Payment Request Recieved / Amount >>  289800","metadata":{"emulator":{"name":"functions"},"function":{"name":"api"},"message":"\u001b[90m> \u001b[39m Payment Request Recieved / Amount >>  289800"}}
[debug] [2020-10-05T15:43:26.218Z] [runtime-status] [68533] Ephemeral server survived. {"metadata":{"emulator":{"name":"functions"},"function":{"name":"api"},"message":"[runtime-status] [68533] Ephemeral server survived."}}
[info] >  Payment Res clientSecret >>  pi_1HYvqUBtDiPEwFpkP8f4Ap2b_secret_vSIe3bV8OKmdLxJR2laHzA8Ue {"user":"Payment Res clientSecret >>  pi_1HYvqUBtDiPEwFpkP8f4Ap2b_secret_vSIe3bV8OKmdLxJR2laHzA8Ue","metadata":{"emulator":{"name":"functions"},"function":{"name":"api"},"message":"\u001b[90m> \u001b[39m Payment Res clientSecret >>  pi_1HYvqUBtDiPEwFpkP8f4Ap2b_secret_vSIe3bV8OKmdLxJR2laHzA8Ue"}}
[info] i  functions: Finished "api" in ~1s {"metadata":{"emulator":{"name":"functions"},"function":{"name":"api"},"message":"Finished \"api\" in ~1s"}}
[debug] [2020-10-05T15:43:26.693Z] [worker-api-33cd80c3-6976-495a-a515-2507bf02a01d]: IDLE {"metadata":{"emulator":{"name":"functions"},"message":"[worker-api-33cd80c3-6976-495a-a515-2507bf02a01d]: IDLE"}}
[debug] [2020-10-05T15:43:26.693Z] [work-queue] {"queueLength":0,"workRunningCount":0}
[debug] [2020-10-05T15:43:34.363Z] [work-queue] {"queueLength":1,"workRunningCount":0}
[debug] [2020-10-05T15:43:34.363Z] [work-queue] {"queueLength":0,"workRunningCount":1}
[debug] [2020-10-05T15:43:34.363Z] Accepted request POST /clone-31f17/us-central1/api/payments/create?total=0 --> api
[debug] [2020-10-05T15:43:34.363Z] [worker-pool] submitWork(triggerId=api) {"metadata":{"emulator":{"name":"functions"},"message":"[worker-pool] submitWork(triggerId=api)"}}
[debug] [2020-10-05T15:43:34.363Z] [worker-api-33cd80c3-6976-495a-a515-2507bf02a01d]: Assigning socketPath: /var/folders/zz/44q1h2b57f11xlbbyc0jr3xm0000gn/T/fire_emu_68533.sock {"metadata":{"emulator":{"name":"functions"},"message":"[worker-api-33cd80c3-6976-495a-a515-2507bf02a01d]: Assigning socketPath: /var/folders/zz/44q1h2b57f11xlbbyc0jr3xm0000gn/T/fire_emu_68533.sock"}}
[debug] [2020-10-05T15:43:34.364Z] [worker-api-33cd80c3-6976-495a-a515-2507bf02a01d]: BUSY {"metadata":{"emulator":{"name":"functions"},"message":"[worker-api-33cd80c3-6976-495a-a515-2507bf02a01d]: BUSY"}}
[debug] [2020-10-05T15:43:34.365Z] [runtime-status] [68533] Trigger "api" has been found, beginning invocation! {"metadata":{"emulator":{"name":"functions"},"function":{"name":"api"},"message":"[runtime-status] [68533] Trigger \"api\" has been found, beginning invocation!"}}
[info] i  functions: Beginning execution of "api" {"metadata":{"emulator":{"name":"functions"},"function":{"name":"api"},"message":"Beginning execution of \"api\""}}
[debug] [2020-10-05T15:43:34.365Z] [runtime-status] [68533] triggerDefinition {"httpsTrigger":{},"name":"api","entryPoint":"api"} {"metadata":{"emulator":{"name":"functions"},"function":{"name":"api"},"message":"[runtime-status] [68533] triggerDefinition {\"httpsTrigger\":{},\"name\":\"api\",\"entryPoint\":\"api\"}"}}
[debug] [2020-10-05T15:43:34.365Z] [runtime-status] [68533] Running api in mode HTTPS {"metadata":{"emulator":{"name":"functions"},"function":{"name":"api"},"message":"[runtime-status] [68533] Running api in mode HTTPS"}}
[debug] [2020-10-05T15:43:34.366Z] [runtime-status] [68533] Attempting to listen to socketPath: /var/folders/zz/44q1h2b57f11xlbbyc0jr3xm0000gn/T/fire_emu_68533.sock {"metadata":{"emulator":{"name":"functions"},"function":{"name":"api"},"message":"[runtime-status] [68533] Attempting to listen to socketPath: /var/folders/zz/44q1h2b57f11xlbbyc0jr3xm0000gn/T/fire_emu_68533.sock"}}
[debug] [2020-10-05T15:43:34.366Z] [functions] Runtime ready! Sending request! {"metadata":{"emulator":{"name":"functions"},"message":"[functions] Runtime ready! Sending request!"}}
[debug] [2020-10-05T15:43:34.369Z] [runtime-status] [68533] Ephemeral server handling POST request {"metadata":{"emulator":{"name":"functions"},"function":{"name":"api"},"message":"[runtime-status] [68533] Ephemeral server handling POST request"}}
[info] >  Payment Request Recieved / Amount >>  0 {"user":"Payment Request Recieved / Amount >>  0","metadata":{"emulator":{"name":"functions"},"function":{"name":"api"},"message":"\u001b[90m> \u001b[39m Payment Request Recieved / Amount >>  0"}}
[debug] [2020-10-05T15:43:34.370Z] [runtime-status] [68533] Ephemeral server survived. {"metadata":{"emulator":{"name":"functions"},"function":{"name":"api"},"message":"[runtime-status] [68533] Ephemeral server survived."}}
[info] >  (node:68533) UnhandledPromiseRejectionWarning: Error: This value must be greater than or equal to 1. {"user":"(node:68533) UnhandledPromiseRejectionWarning: Error: This value must be greater than or equal to 1.","metadata":{"emulator":{"name":"functions"},"function":{"name":"api"},"message":"\u001b[90m> \u001b[39m (node:68533) UnhandledPromiseRejectionWarning: Error: This value must be greater than or equal to 1."}}
[info] >      at Function.generate (/Users/jsyovo/Documents/2. MyRepository/2-ReactJS/6-amazon-clone/functions/node_modules/stripe/lib/Error.js:39:16) {"user":"    at Function.generate (/Users/jsyovo/Documents/2. MyRepository/2-ReactJS/6-amazon-clone/functions/node_modules/stripe/lib/Error.js:39:16)","metadata":{"emulator":{"name":"functions"},"function":{"name":"api"},"message":"\u001b[90m> \u001b[39m     at Function.generate (/Users/jsyovo/Documents/2. MyRepository/2-ReactJS/6-amazon-clone/functions/node_modules/stripe/lib/Error.js:39:16)"}}
[info] >      at IncomingMessage.<anonymous> (/Users/jsyovo/Documents/2. MyRepository/2-ReactJS/6-amazon-clone/functions/node_modules/stripe/lib/StripeResource.js:190:33) {"user":"    at IncomingMessage.<anonymous> (/Users/jsyovo/Documents/2. MyRepository/2-ReactJS/6-amazon-clone/functions/node_modules/stripe/lib/StripeResource.js:190:33)","metadata":{"emulator":{"name":"functions"},"function":{"name":"api"},"message":"\u001b[90m> \u001b[39m     at IncomingMessage.<anonymous> (/Users/jsyovo/Documents/2. MyRepository/2-ReactJS/6-amazon-clone/functions/node_modules/stripe/lib/StripeResource.js:190:33)"}}
[info] >      at Object.onceWrapper (events.js:420:28) {"user":"    at Object.onceWrapper (events.js:420:28)","metadata":{"emulator":{"name":"functions"},"function":{"name":"api"},"message":"\u001b[90m> \u001b[39m     at Object.onceWrapper (events.js:420:28)"}}
[info] >      at IncomingMessage.emit (events.js:326:22) {"user":"    at IncomingMessage.emit (events.js:326:22)","metadata":{"emulator":{"name":"functions"},"function":{"name":"api"},"message":"\u001b[90m> \u001b[39m     at IncomingMessage.emit (events.js:326:22)"}}
[info] >      at endReadableNT (_stream_readable.js:1244:12) {"user":"    at endReadableNT (_stream_readable.js:1244:12)","metadata":{"emulator":{"name":"functions"},"function":{"name":"api"},"message":"\u001b[90m> \u001b[39m     at endReadableNT (_stream_readable.js:1244:12)"}}
[info] >      at processTicksAndRejections (internal/process/task_queues.js:80:21) {"user":"    at processTicksAndRejections (internal/process/task_queues.js:80:21)","metadata":{"emulator":{"name":"functions"},"function":{"name":"api"},"message":"\u001b[90m> \u001b[39m     at processTicksAndRejections (internal/process/task_queues.js:80:21)"}}
[info] >  (Use `node --trace-warnings ...` to show where the warning was created) {"user":"(Use `node --trace-warnings ...` to show where the warning was created)","metadata":{"emulator":{"name":"functions"},"function":{"name":"api"},"message":"\u001b[90m> \u001b[39m (Use `node --trace-warnings ...` to show where the warning was created)"}}
[info] >  (node:68533) UnhandledPromiseRejectionWarning: Unhandled promise rejection. This error originated either by throwing inside of an async function without a catch block, or by rejecting a promise which was not handled with .catch(). To terminate the node process on unhandled promise rejection, use the CLI flag `--unhandled-rejections=strict` (see https://nodejs.org/api/cli.html#cli_unhandled_rejections_mode). (rejection id: 1) {"user":"(node:68533) UnhandledPromiseRejectionWarning: Unhandled promise rejection. This error originated either by throwing inside of an async function without a catch block, or by rejecting a promise which was not handled with .catch(). To terminate the node process on unhandled promise rejection, use the CLI flag `--unhandled-rejections=strict` (see https://nodejs.org/api/cli.html#cli_unhandled_rejections_mode). (rejection id: 1)","metadata":{"emulator":{"name":"functions"},"function":{"name":"api"},"message":"\u001b[90m> \u001b[39m (node:68533) UnhandledPromiseRejectionWarning: Unhandled promise rejection. This error originated either by throwing inside of an async function without a catch block, or by rejecting a promise which was not handled with .catch(). To terminate the node process on unhandled promise rejection, use the CLI flag `--unhandled-rejections=strict` (see https://nodejs.org/api/cli.html#cli_unhandled_rejections_mode). (rejection id: 1)"}}
[info] >  (node:68533) [DEP0018] DeprecationWarning: Unhandled promise rejections are deprecated. In the future, promise rejections that are not handled will terminate the Node.js process with a non-zero exit code. {"user":"(node:68533) [DEP0018] DeprecationWarning: Unhandled promise rejections are deprecated. In the future, promise rejections that are not handled will terminate the Node.js process with a non-zero exit code.","metadata":{"emulator":{"name":"functions"},"function":{"name":"api"},"message":"\u001b[90m> \u001b[39m (node:68533) [DEP0018] DeprecationWarning: Unhandled promise rejections are deprecated. In the future, promise rejections that are not handled will terminate the Node.js process with a non-zero exit code."}}
[warn] ⚠  functions: Your function timed out after ~60s. To configure this timeout, see
      https://firebase.google.com/docs/functions/manage-functions#set_timeout_and_memory_allocation. {"metadata":{"emulator":{"name":"functions"},"function":{"name":"api"},"message":"Your function timed out after ~60s. To configure this timeout, see\n      https://firebase.google.com/docs/functions/manage-functions#set_timeout_and_memory_allocation."}}
[info] >  /usr/local/lib/node_modules/firebase-tools/lib/emulator/functionsEmulatorRuntime.js:642 {"user":"/usr/local/lib/node_modules/firebase-tools/lib/emulator/functionsEmulatorRuntime.js:642","metadata":{"emulator":{"name":"functions"},"function":{"name":"api"},"message":"\u001b[90m> \u001b[39m /usr/local/lib/node_modules/firebase-tools/lib/emulator/functionsEmulatorRuntime.js:642"}}
[info] >                  throw new Error("Function timed out."); {"user":"                throw new Error(\"Function timed out.\");","metadata":{"emulator":{"name":"functions"},"function":{"name":"api"},"message":"\u001b[90m> \u001b[39m                 throw new Error(\"Function timed out.\");"}}
[info] >                  ^ {"user":"                ^","metadata":{"emulator":{"name":"functions"},"function":{"name":"api"},"message":"\u001b[90m> \u001b[39m                 ^"}}
[info] >   {"user":"","metadata":{"emulator":{"name":"functions"},"function":{"name":"api"},"message":"\u001b[90m> \u001b[39m "}}
[info] >  Error: Function timed out. {"user":"Error: Function timed out.","metadata":{"emulator":{"name":"functions"},"function":{"name":"api"},"message":"\u001b[90m> \u001b[39m Error: Function timed out."}}
[info] >      at Timeout._onTimeout (/usr/local/lib/node_modules/firebase-tools/lib/emulator/functionsEmulatorRuntime.js:642:23) {"user":"    at Timeout._onTimeout (/usr/local/lib/node_modules/firebase-tools/lib/emulator/functionsEmulatorRuntime.js:642:23)","metadata":{"emulator":{"name":"functions"},"function":{"name":"api"},"message":"\u001b[90m> \u001b[39m     at Timeout._onTimeout (/usr/local/lib/node_modules/firebase-tools/lib/emulator/functionsEmulatorRuntime.js:642:23)"}}
[info] >      at listOnTimeout (internal/timers.js:551:17) {"user":"    at listOnTimeout (internal/timers.js:551:17)","metadata":{"emulator":{"name":"functions"},"function":{"name":"api"},"message":"\u001b[90m> \u001b[39m     at listOnTimeout (internal/timers.js:551:17)"}}
[info] >      at processTimers (internal/timers.js:494:7) {"user":"    at processTimers (internal/timers.js:494:7)","metadata":{"emulator":{"name":"functions"},"function":{"name":"api"},"message":"\u001b[90m> \u001b[39m     at processTimers (internal/timers.js:494:7)"}}
[debug] [2020-10-05T15:44:34.394Z] [worker-api-33cd80c3-6976-495a-a515-2507bf02a01d]: exited {"metadata":{"emulator":{"name":"functions"},"message":"[worker-api-33cd80c3-6976-495a-a515-2507bf02a01d]: exited"}}
[debug] [2020-10-05T15:44:34.394Z] [worker-api-33cd80c3-6976-495a-a515-2507bf02a01d]: FINISHED {"metadata":{"emulator":{"name":"functions"},"message":"[worker-api-33cd80c3-6976-495a-a515-2507bf02a01d]: FINISHED"}}
[debug] [2020-10-05T15:44:34.395Z] [work-queue] {"queueLength":0,"workRunningCount":0}
[debug] [2020-10-05T16:05:25.002Z] [work-queue] {"queueLength":1,"workRunningCount":0}
[debug] [2020-10-05T16:05:25.006Z] [work-queue] {"queueLength":0,"workRunningCount":1}
[debug] [2020-10-05T16:05:25.007Z] Accepted request POST /clone-31f17/us-central1/api/payments/create?total=42900 --> api
[debug] [2020-10-05T16:05:25.011Z] [worker-pool] Cleaned up workers for api: 1 --> 0 {"metadata":{"emulator":{"name":"functions"},"message":"[worker-pool] Cleaned up workers for api: 1 --> 0"}}
[debug] [2020-10-05T16:05:25.051Z] [worker-pool] addWorker(api) {"metadata":{"emulator":{"name":"functions"},"message":"[worker-pool] addWorker(api)"}}
[debug] [2020-10-05T16:05:25.054Z] [worker-pool] Adding worker with key api, total=1 {"metadata":{"emulator":{"name":"functions"},"message":"[worker-pool] Adding worker with key api, total=1"}}
[debug] [2020-10-05T16:05:25.073Z] [worker-pool] submitWork(triggerId=api) {"metadata":{"emulator":{"name":"functions"},"message":"[worker-pool] submitWork(triggerId=api)"}}
[debug] [2020-10-05T16:05:25.074Z] [worker-api-5d1eb799-97cb-4e84-993e-ace7c55920b7]: Assigning socketPath: /var/folders/zz/44q1h2b57f11xlbbyc0jr3xm0000gn/T/fire_emu_68940.sock {"metadata":{"emulator":{"name":"functions"},"message":"[worker-api-5d1eb799-97cb-4e84-993e-ace7c55920b7]: Assigning socketPath: /var/folders/zz/44q1h2b57f11xlbbyc0jr3xm0000gn/T/fire_emu_68940.sock"}}
[debug] [2020-10-05T16:05:25.076Z] [worker-api-5d1eb799-97cb-4e84-993e-ace7c55920b7]: BUSY {"metadata":{"emulator":{"name":"functions"},"message":"[worker-api-5d1eb799-97cb-4e84-993e-ace7c55920b7]: BUSY"}}
[debug] [2020-10-05T16:05:26.054Z] [runtime-status] [68940] Functions runtime initialized. {"cwd":"/Users/jsyovo/Documents/2. MyRepository/2-ReactJS/6-amazon-clone/functions","node_version":"14.7.0"} {"metadata":{"emulator":{"name":"functions"},"function":{"name":"api"},"message":"[runtime-status] [68940] Functions runtime initialized. {\"cwd\":\"/Users/jsyovo/Documents/2. MyRepository/2-ReactJS/6-amazon-clone/functions\",\"node_version\":\"14.7.0\"}"}}
[debug] [2020-10-05T16:05:26.056Z] [runtime-status] [68940] Disabled runtime features: undefined {"metadata":{"emulator":{"name":"functions"},"function":{"name":"api"},"message":"[runtime-status] [68940] Disabled runtime features: undefined"}}
[debug] [2020-10-05T16:05:26.065Z] [runtime-status] [68940] Resolved module firebase-admin {"declared":true,"installed":true,"version":"8.13.0","resolution":"/Users/jsyovo/Documents/2. MyRepository/2-ReactJS/6-amazon-clone/functions/node_modules/firebase-admin/lib/index.js"} {"metadata":{"emulator":{"name":"functions"},"function":{"name":"api"},"message":"[runtime-status] [68940] Resolved module firebase-admin {\"declared\":true,\"installed\":true,\"version\":\"8.13.0\",\"resolution\":\"/Users/jsyovo/Documents/2. MyRepository/2-ReactJS/6-amazon-clone/functions/node_modules/firebase-admin/lib/index.js\"}"}}
[debug] [2020-10-05T16:05:26.066Z] [runtime-status] [68940] Resolved module firebase-functions {"declared":true,"installed":true,"version":"3.11.0","resolution":"/Users/jsyovo/Documents/2. MyRepository/2-ReactJS/6-amazon-clone/functions/node_modules/firebase-functions/lib/index.js"} {"metadata":{"emulator":{"name":"functions"},"function":{"name":"api"},"message":"[runtime-status] [68940] Resolved module firebase-functions {\"declared\":true,\"installed\":true,\"version\":\"3.11.0\",\"resolution\":\"/Users/jsyovo/Documents/2. MyRepository/2-ReactJS/6-amazon-clone/functions/node_modules/firebase-functions/lib/index.js\"}"}}
[debug] [2020-10-05T16:05:26.070Z] [runtime-status] [68940] Resolved module firebase-functions {"declared":true,"installed":true,"version":"3.11.0","resolution":"/Users/jsyovo/Documents/2. MyRepository/2-ReactJS/6-amazon-clone/functions/node_modules/firebase-functions/lib/index.js"} {"metadata":{"emulator":{"name":"functions"},"function":{"name":"api"},"message":"[runtime-status] [68940] Resolved module firebase-functions {\"declared\":true,\"installed\":true,\"version\":\"3.11.0\",\"resolution\":\"/Users/jsyovo/Documents/2. MyRepository/2-ReactJS/6-amazon-clone/functions/node_modules/firebase-functions/lib/index.js\"}"}}
[debug] [2020-10-05T16:05:26.072Z] [runtime-status] [68940] Outgoing network have been stubbed. [{"name":"http","status":"mocked"},{"name":"http","status":"mocked"},{"name":"https","status":"mocked"},{"name":"https","status":"mocked"},{"name":"net","status":"mocked"}] {"metadata":{"emulator":{"name":"functions"},"function":{"name":"api"},"message":"[runtime-status] [68940] Outgoing network have been stubbed. [{\"name\":\"http\",\"status\":\"mocked\"},{\"name\":\"http\",\"status\":\"mocked\"},{\"name\":\"https\",\"status\":\"mocked\"},{\"name\":\"https\",\"status\":\"mocked\"},{\"name\":\"net\",\"status\":\"mocked\"}]"}}
[debug] [2020-10-05T16:05:26.073Z] [runtime-status] [68940] Resolved module firebase-functions {"declared":true,"installed":true,"version":"3.11.0","resolution":"/Users/jsyovo/Documents/2. MyRepository/2-ReactJS/6-amazon-clone/functions/node_modules/firebase-functions/lib/index.js"} {"metadata":{"emulator":{"name":"functions"},"function":{"name":"api"},"message":"[runtime-status] [68940] Resolved module firebase-functions {\"declared\":true,\"installed\":true,\"version\":\"3.11.0\",\"resolution\":\"/Users/jsyovo/Documents/2. MyRepository/2-ReactJS/6-amazon-clone/functions/node_modules/firebase-functions/lib/index.js\"}"}}
[debug] [2020-10-05T16:05:26.137Z] [runtime-status] [68940] Checked functions.config() {"config":{}} {"metadata":{"emulator":{"name":"functions"},"function":{"name":"api"},"message":"[runtime-status] [68940] Checked functions.config() {\"config\":{}}"}}
[debug] [2020-10-05T16:05:26.137Z] [runtime-status] [68940] firebase-functions has been stubbed. {"functionsResolution":{"declared":true,"installed":true,"version":"3.11.0","resolution":"/Users/jsyovo/Documents/2. MyRepository/2-ReactJS/6-amazon-clone/functions/node_modules/firebase-functions/lib/index.js"}} {"metadata":{"emulator":{"name":"functions"},"function":{"name":"api"},"message":"[runtime-status] [68940] firebase-functions has been stubbed. {\"functionsResolution\":{\"declared\":true,\"installed\":true,\"version\":\"3.11.0\",\"resolution\":\"/Users/jsyovo/Documents/2. MyRepository/2-ReactJS/6-amazon-clone/functions/node_modules/firebase-functions/lib/index.js\"}}"}}
[debug] [2020-10-05T16:05:26.137Z] [runtime-status] [68940] Resolved module firebase-functions {"declared":true,"installed":true,"version":"3.11.0","resolution":"/Users/jsyovo/Documents/2. MyRepository/2-ReactJS/6-amazon-clone/functions/node_modules/firebase-functions/lib/index.js"} {"metadata":{"emulator":{"name":"functions"},"function":{"name":"api"},"message":"[runtime-status] [68940] Resolved module firebase-functions {\"declared\":true,\"installed\":true,\"version\":\"3.11.0\",\"resolution\":\"/Users/jsyovo/Documents/2. MyRepository/2-ReactJS/6-amazon-clone/functions/node_modules/firebase-functions/lib/index.js\"}"}}
[debug] [2020-10-05T16:05:26.138Z] [runtime-status] [68940] Resolved module firebase-admin {"declared":true,"installed":true,"version":"8.13.0","resolution":"/Users/jsyovo/Documents/2. MyRepository/2-ReactJS/6-amazon-clone/functions/node_modules/firebase-admin/lib/index.js"} {"metadata":{"emulator":{"name":"functions"},"function":{"name":"api"},"message":"[runtime-status] [68940] Resolved module firebase-admin {\"declared\":true,\"installed\":true,\"version\":\"8.13.0\",\"resolution\":\"/Users/jsyovo/Documents/2. MyRepository/2-ReactJS/6-amazon-clone/functions/node_modules/firebase-admin/lib/index.js\"}"}}
[debug] [2020-10-05T16:05:26.138Z] [runtime-status] [68940] Resolved module firebase-functions {"declared":true,"installed":true,"version":"3.11.0","resolution":"/Users/jsyovo/Documents/2. MyRepository/2-ReactJS/6-amazon-clone/functions/node_modules/firebase-functions/lib/index.js"} {"metadata":{"emulator":{"name":"functions"},"function":{"name":"api"},"message":"[runtime-status] [68940] Resolved module firebase-functions {\"declared\":true,\"installed\":true,\"version\":\"3.11.0\",\"resolution\":\"/Users/jsyovo/Documents/2. MyRepository/2-ReactJS/6-amazon-clone/functions/node_modules/firebase-functions/lib/index.js\"}"}}
[debug] [2020-10-05T16:05:26.138Z] [runtime-status] [68940] firebase-admin has been stubbed. {"adminResolution":{"declared":true,"installed":true,"version":"8.13.0","resolution":"/Users/jsyovo/Documents/2. MyRepository/2-ReactJS/6-amazon-clone/functions/node_modules/firebase-admin/lib/index.js"}} {"metadata":{"emulator":{"name":"functions"},"function":{"name":"api"},"message":"[runtime-status] [68940] firebase-admin has been stubbed. {\"adminResolution\":{\"declared\":true,\"installed\":true,\"version\":\"8.13.0\",\"resolution\":\"/Users/jsyovo/Documents/2. MyRepository/2-ReactJS/6-amazon-clone/functions/node_modules/firebase-admin/lib/index.js\"}}"}}
[debug] [2020-10-05T16:05:26.347Z] [runtime-status] [68940] Trigger "api" has been found, beginning invocation! {"metadata":{"emulator":{"name":"functions"},"function":{"name":"api"},"message":"[runtime-status] [68940] Trigger \"api\" has been found, beginning invocation!"}}
[info] i  functions: Beginning execution of "api" {"metadata":{"emulator":{"name":"functions"},"function":{"name":"api"},"message":"Beginning execution of \"api\""}}
[debug] [2020-10-05T16:05:26.348Z] [runtime-status] [68940] triggerDefinition {"httpsTrigger":{},"name":"api","entryPoint":"api"} {"metadata":{"emulator":{"name":"functions"},"function":{"name":"api"},"message":"[runtime-status] [68940] triggerDefinition {\"httpsTrigger\":{},\"name\":\"api\",\"entryPoint\":\"api\"}"}}
[debug] [2020-10-05T16:05:26.348Z] [runtime-status] [68940] Running api in mode HTTPS {"metadata":{"emulator":{"name":"functions"},"function":{"name":"api"},"message":"[runtime-status] [68940] Running api in mode HTTPS"}}
[debug] [2020-10-05T16:05:26.354Z] [runtime-status] [68940] Attempting to listen to socketPath: /var/folders/zz/44q1h2b57f11xlbbyc0jr3xm0000gn/T/fire_emu_68940.sock {"metadata":{"emulator":{"name":"functions"},"function":{"name":"api"},"message":"[runtime-status] [68940] Attempting to listen to socketPath: /var/folders/zz/44q1h2b57f11xlbbyc0jr3xm0000gn/T/fire_emu_68940.sock"}}
[debug] [2020-10-05T16:05:26.367Z] [functions] Runtime ready! Sending request! {"metadata":{"emulator":{"name":"functions"},"message":"[functions] Runtime ready! Sending request!"}}
[debug] [2020-10-05T16:05:26.375Z] [runtime-status] [68940] Ephemeral server handling POST request {"metadata":{"emulator":{"name":"functions"},"function":{"name":"api"},"message":"[runtime-status] [68940] Ephemeral server handling POST request"}}
[info] >  Payment Request Recieved / Amount >>  42900 {"user":"Payment Request Recieved / Amount >>  42900","metadata":{"emulator":{"name":"functions"},"function":{"name":"api"},"message":"\u001b[90m> \u001b[39m Payment Request Recieved / Amount >>  42900"}}
[debug] [2020-10-05T16:05:26.385Z] [runtime-status] [68940] Ephemeral server survived. {"metadata":{"emulator":{"name":"functions"},"function":{"name":"api"},"message":"[runtime-status] [68940] Ephemeral server survived."}}
[info] >  Payment Res clientSecret >>  pi_1HYwBmBtDiPEwFpk49WrDdUK_secret_bsGEf2ntDxLAo2IHXlY6up0rd {"user":"Payment Res clientSecret >>  pi_1HYwBmBtDiPEwFpk49WrDdUK_secret_bsGEf2ntDxLAo2IHXlY6up0rd","metadata":{"emulator":{"name":"functions"},"function":{"name":"api"},"message":"\u001b[90m> \u001b[39m Payment Res clientSecret >>  pi_1HYwBmBtDiPEwFpk49WrDdUK_secret_bsGEf2ntDxLAo2IHXlY6up0rd"}}
[info] i  functions: Finished "api" in ~1s {"metadata":{"emulator":{"name":"functions"},"function":{"name":"api"},"message":"Finished \"api\" in ~1s"}}
[debug] [2020-10-05T16:05:26.871Z] [worker-api-5d1eb799-97cb-4e84-993e-ace7c55920b7]: IDLE {"metadata":{"emulator":{"name":"functions"},"message":"[worker-api-5d1eb799-97cb-4e84-993e-ace7c55920b7]: IDLE"}}
[debug] [2020-10-05T16:05:26.871Z] [work-queue] {"queueLength":0,"workRunningCount":0}
[debug] [2020-10-05T16:05:35.979Z] [work-queue] {"queueLength":1,"workRunningCount":0}
[debug] [2020-10-05T16:05:35.979Z] [work-queue] {"queueLength":0,"workRunningCount":1}
[debug] [2020-10-05T16:05:35.979Z] Accepted request POST /clone-31f17/us-central1/api/payments/create?total=0 --> api
[debug] [2020-10-05T16:05:35.979Z] [worker-pool] submitWork(triggerId=api) {"metadata":{"emulator":{"name":"functions"},"message":"[worker-pool] submitWork(triggerId=api)"}}
[debug] [2020-10-05T16:05:35.979Z] [worker-api-5d1eb799-97cb-4e84-993e-ace7c55920b7]: Assigning socketPath: /var/folders/zz/44q1h2b57f11xlbbyc0jr3xm0000gn/T/fire_emu_68940.sock {"metadata":{"emulator":{"name":"functions"},"message":"[worker-api-5d1eb799-97cb-4e84-993e-ace7c55920b7]: Assigning socketPath: /var/folders/zz/44q1h2b57f11xlbbyc0jr3xm0000gn/T/fire_emu_68940.sock"}}
[debug] [2020-10-05T16:05:35.980Z] [worker-api-5d1eb799-97cb-4e84-993e-ace7c55920b7]: BUSY {"metadata":{"emulator":{"name":"functions"},"message":"[worker-api-5d1eb799-97cb-4e84-993e-ace7c55920b7]: BUSY"}}
[debug] [2020-10-05T16:05:35.980Z] [runtime-status] [68940] Trigger "api" has been found, beginning invocation! {"metadata":{"emulator":{"name":"functions"},"function":{"name":"api"},"message":"[runtime-status] [68940] Trigger \"api\" has been found, beginning invocation!"}}
[info] i  functions: Beginning execution of "api" {"metadata":{"emulator":{"name":"functions"},"function":{"name":"api"},"message":"Beginning execution of \"api\""}}
[debug] [2020-10-05T16:05:35.981Z] [runtime-status] [68940] triggerDefinition {"httpsTrigger":{},"name":"api","entryPoint":"api"} {"metadata":{"emulator":{"name":"functions"},"function":{"name":"api"},"message":"[runtime-status] [68940] triggerDefinition {\"httpsTrigger\":{},\"name\":\"api\",\"entryPoint\":\"api\"}"}}
[debug] [2020-10-05T16:05:35.981Z] [runtime-status] [68940] Running api in mode HTTPS {"metadata":{"emulator":{"name":"functions"},"function":{"name":"api"},"message":"[runtime-status] [68940] Running api in mode HTTPS"}}
[debug] [2020-10-05T16:05:35.981Z] [runtime-status] [68940] Attempting to listen to socketPath: /var/folders/zz/44q1h2b57f11xlbbyc0jr3xm0000gn/T/fire_emu_68940.sock {"metadata":{"emulator":{"name":"functions"},"function":{"name":"api"},"message":"[runtime-status] [68940] Attempting to listen to socketPath: /var/folders/zz/44q1h2b57f11xlbbyc0jr3xm0000gn/T/fire_emu_68940.sock"}}
[debug] [2020-10-05T16:05:35.984Z] [functions] Runtime ready! Sending request! {"metadata":{"emulator":{"name":"functions"},"message":"[functions] Runtime ready! Sending request!"}}
[debug] [2020-10-05T16:05:35.988Z] [runtime-status] [68940] Ephemeral server handling POST request {"metadata":{"emulator":{"name":"functions"},"function":{"name":"api"},"message":"[runtime-status] [68940] Ephemeral server handling POST request"}}
[info] >  Payment Request Recieved / Amount >>  0 {"user":"Payment Request Recieved / Amount >>  0","metadata":{"emulator":{"name":"functions"},"function":{"name":"api"},"message":"\u001b[90m> \u001b[39m Payment Request Recieved / Amount >>  0"}}
[debug] [2020-10-05T16:05:35.990Z] [runtime-status] [68940] Ephemeral server survived. {"metadata":{"emulator":{"name":"functions"},"function":{"name":"api"},"message":"[runtime-status] [68940] Ephemeral server survived."}}
[info] >  (node:68940) UnhandledPromiseRejectionWarning: Error: This value must be greater than or equal to 1. {"user":"(node:68940) UnhandledPromiseRejectionWarning: Error: This value must be greater than or equal to 1.","metadata":{"emulator":{"name":"functions"},"function":{"name":"api"},"message":"\u001b[90m> \u001b[39m (node:68940) UnhandledPromiseRejectionWarning: Error: This value must be greater than or equal to 1."}}
[info] >      at Function.generate (/Users/jsyovo/Documents/2. MyRepository/2-ReactJS/6-amazon-clone/functions/node_modules/stripe/lib/Error.js:39:16) {"user":"    at Function.generate (/Users/jsyovo/Documents/2. MyRepository/2-ReactJS/6-amazon-clone/functions/node_modules/stripe/lib/Error.js:39:16)","metadata":{"emulator":{"name":"functions"},"function":{"name":"api"},"message":"\u001b[90m> \u001b[39m     at Function.generate (/Users/jsyovo/Documents/2. MyRepository/2-ReactJS/6-amazon-clone/functions/node_modules/stripe/lib/Error.js:39:16)"}}
[info] >      at IncomingMessage.<anonymous> (/Users/jsyovo/Documents/2. MyRepository/2-ReactJS/6-amazon-clone/functions/node_modules/stripe/lib/StripeResource.js:190:33) {"user":"    at IncomingMessage.<anonymous> (/Users/jsyovo/Documents/2. MyRepository/2-ReactJS/6-amazon-clone/functions/node_modules/stripe/lib/StripeResource.js:190:33)","metadata":{"emulator":{"name":"functions"},"function":{"name":"api"},"message":"\u001b[90m> \u001b[39m     at IncomingMessage.<anonymous> (/Users/jsyovo/Documents/2. MyRepository/2-ReactJS/6-amazon-clone/functions/node_modules/stripe/lib/StripeResource.js:190:33)"}}
[info] >      at Object.onceWrapper (events.js:420:28) {"user":"    at Object.onceWrapper (events.js:420:28)","metadata":{"emulator":{"name":"functions"},"function":{"name":"api"},"message":"\u001b[90m> \u001b[39m     at Object.onceWrapper (events.js:420:28)"}}
[info] >      at IncomingMessage.emit (events.js:326:22) {"user":"    at IncomingMessage.emit (events.js:326:22)","metadata":{"emulator":{"name":"functions"},"function":{"name":"api"},"message":"\u001b[90m> \u001b[39m     at IncomingMessage.emit (events.js:326:22)"}}
[info] >      at endReadableNT (_stream_readable.js:1244:12) {"user":"    at endReadableNT (_stream_readable.js:1244:12)","metadata":{"emulator":{"name":"functions"},"function":{"name":"api"},"message":"\u001b[90m> \u001b[39m     at endReadableNT (_stream_readable.js:1244:12)"}}
[info] >      at processTicksAndRejections (internal/process/task_queues.js:80:21) {"user":"    at processTicksAndRejections (internal/process/task_queues.js:80:21)","metadata":{"emulator":{"name":"functions"},"function":{"name":"api"},"message":"\u001b[90m> \u001b[39m     at processTicksAndRejections (internal/process/task_queues.js:80:21)"}}
[info] >  (Use `node --trace-warnings ...` to show where the warning was created) {"user":"(Use `node --trace-warnings ...` to show where the warning was created)","metadata":{"emulator":{"name":"functions"},"function":{"name":"api"},"message":"\u001b[90m> \u001b[39m (Use `node --trace-warnings ...` to show where the warning was created)"}}
[info] >  (node:68940) UnhandledPromiseRejectionWarning: Unhandled promise rejection. This error originated either by throwing inside of an async function without a catch block, or by rejecting a promise which was not handled with .catch(). To terminate the node process on unhandled promise rejection, use the CLI flag `--unhandled-rejections=strict` (see https://nodejs.org/api/cli.html#cli_unhandled_rejections_mode). (rejection id: 1) {"user":"(node:68940) UnhandledPromiseRejectionWarning: Unhandled promise rejection. This error originated either by throwing inside of an async function without a catch block, or by rejecting a promise which was not handled with .catch(). To terminate the node process on unhandled promise rejection, use the CLI flag `--unhandled-rejections=strict` (see https://nodejs.org/api/cli.html#cli_unhandled_rejections_mode). (rejection id: 1)","metadata":{"emulator":{"name":"functions"},"function":{"name":"api"},"message":"\u001b[90m> \u001b[39m (node:68940) UnhandledPromiseRejectionWarning: Unhandled promise rejection. This error originated either by throwing inside of an async function without a catch block, or by rejecting a promise which was not handled with .catch(). To terminate the node process on unhandled promise rejection, use the CLI flag `--unhandled-rejections=strict` (see https://nodejs.org/api/cli.html#cli_unhandled_rejections_mode). (rejection id: 1)"}}
[info] >  (node:68940) [DEP0018] DeprecationWarning: Unhandled promise rejections are deprecated. In the future, promise rejections that are not handled will terminate the Node.js process with a non-zero exit code. {"user":"(node:68940) [DEP0018] DeprecationWarning: Unhandled promise rejections are deprecated. In the future, promise rejections that are not handled will terminate the Node.js process with a non-zero exit code.","metadata":{"emulator":{"name":"functions"},"function":{"name":"api"},"message":"\u001b[90m> \u001b[39m (node:68940) [DEP0018] DeprecationWarning: Unhandled promise rejections are deprecated. In the future, promise rejections that are not handled will terminate the Node.js process with a non-zero exit code."}}
[warn] ⚠  functions: Your function timed out after ~60s. To configure this timeout, see
      https://firebase.google.com/docs/functions/manage-functions#set_timeout_and_memory_allocation. {"metadata":{"emulator":{"name":"functions"},"function":{"name":"api"},"message":"Your function timed out after ~60s. To configure this timeout, see\n      https://firebase.google.com/docs/functions/manage-functions#set_timeout_and_memory_allocation."}}
[info] >  /usr/local/lib/node_modules/firebase-tools/lib/emulator/functionsEmulatorRuntime.js:642 {"user":"/usr/local/lib/node_modules/firebase-tools/lib/emulator/functionsEmulatorRuntime.js:642","metadata":{"emulator":{"name":"functions"},"function":{"name":"api"},"message":"\u001b[90m> \u001b[39m /usr/local/lib/node_modules/firebase-tools/lib/emulator/functionsEmulatorRuntime.js:642"}}
[info] >                  throw new Error("Function timed out."); {"user":"                throw new Error(\"Function timed out.\");","metadata":{"emulator":{"name":"functions"},"function":{"name":"api"},"message":"\u001b[90m> \u001b[39m                 throw new Error(\"Function timed out.\");"}}
[info] >                  ^ {"user":"                ^","metadata":{"emulator":{"name":"functions"},"function":{"name":"api"},"message":"\u001b[90m> \u001b[39m                 ^"}}
[info] >   {"user":"","metadata":{"emulator":{"name":"functions"},"function":{"name":"api"},"message":"\u001b[90m> \u001b[39m "}}
[info] >  Error: Function timed out. {"user":"Error: Function timed out.","metadata":{"emulator":{"name":"functions"},"function":{"name":"api"},"message":"\u001b[90m> \u001b[39m Error: Function timed out."}}
[info] >      at Timeout._onTimeout (/usr/local/lib/node_modules/firebase-tools/lib/emulator/functionsEmulatorRuntime.js:642:23) {"user":"    at Timeout._onTimeout (/usr/local/lib/node_modules/firebase-tools/lib/emulator/functionsEmulatorRuntime.js:642:23)","metadata":{"emulator":{"name":"functions"},"function":{"name":"api"},"message":"\u001b[90m> \u001b[39m     at Timeout._onTimeout (/usr/local/lib/node_modules/firebase-tools/lib/emulator/functionsEmulatorRuntime.js:642:23)"}}
[info] >      at listOnTimeout (internal/timers.js:551:17) {"user":"    at listOnTimeout (internal/timers.js:551:17)","metadata":{"emulator":{"name":"functions"},"function":{"name":"api"},"message":"\u001b[90m> \u001b[39m     at listOnTimeout (internal/timers.js:551:17)"}}
[info] >      at processTimers (internal/timers.js:494:7) {"user":"    at processTimers (internal/timers.js:494:7)","metadata":{"emulator":{"name":"functions"},"function":{"name":"api"},"message":"\u001b[90m> \u001b[39m     at processTimers (internal/timers.js:494:7)"}}
[debug] [2020-10-05T16:06:36.002Z] [worker-api-5d1eb799-97cb-4e84-993e-ace7c55920b7]: exited {"metadata":{"emulator":{"name":"functions"},"message":"[worker-api-5d1eb799-97cb-4e84-993e-ace7c55920b7]: exited"}}
[debug] [2020-10-05T16:06:36.002Z] [worker-api-5d1eb799-97cb-4e84-993e-ace7c55920b7]: FINISHED {"metadata":{"emulator":{"name":"functions"},"message":"[worker-api-5d1eb799-97cb-4e84-993e-ace7c55920b7]: FINISHED"}}
[debug] [2020-10-05T16:06:36.003Z] [work-queue] {"queueLength":0,"workRunningCount":0}
[debug] [2020-10-05T16:25:24.815Z] [work-queue] {"queueLength":1,"workRunningCount":0}
[debug] [2020-10-05T16:25:24.819Z] [work-queue] {"queueLength":0,"workRunningCount":1}
[debug] [2020-10-05T16:25:24.820Z] Accepted request POST /clone-31f17/us-central1/api/payments/create?total=64497 --> api
[debug] [2020-10-05T16:25:24.826Z] [worker-pool] Cleaned up workers for api: 1 --> 0 {"metadata":{"emulator":{"name":"functions"},"message":"[worker-pool] Cleaned up workers for api: 1 --> 0"}}
[debug] [2020-10-05T16:25:24.858Z] [worker-pool] addWorker(api) {"metadata":{"emulator":{"name":"functions"},"message":"[worker-pool] addWorker(api)"}}
[debug] [2020-10-05T16:25:24.862Z] [worker-pool] Adding worker with key api, total=1 {"metadata":{"emulator":{"name":"functions"},"message":"[worker-pool] Adding worker with key api, total=1"}}
[debug] [2020-10-05T16:25:24.862Z] [worker-pool] submitWork(triggerId=api) {"metadata":{"emulator":{"name":"functions"},"message":"[worker-pool] submitWork(triggerId=api)"}}
[debug] [2020-10-05T16:25:24.862Z] [worker-api-2a2c2ff5-b428-4e4e-8b5a-5c766c85f997]: Assigning socketPath: /var/folders/zz/44q1h2b57f11xlbbyc0jr3xm0000gn/T/fire_emu_69388.sock {"metadata":{"emulator":{"name":"functions"},"message":"[worker-api-2a2c2ff5-b428-4e4e-8b5a-5c766c85f997]: Assigning socketPath: /var/folders/zz/44q1h2b57f11xlbbyc0jr3xm0000gn/T/fire_emu_69388.sock"}}
[debug] [2020-10-05T16:25:24.863Z] [worker-api-2a2c2ff5-b428-4e4e-8b5a-5c766c85f997]: BUSY {"metadata":{"emulator":{"name":"functions"},"message":"[worker-api-2a2c2ff5-b428-4e4e-8b5a-5c766c85f997]: BUSY"}}
[debug] [2020-10-05T16:25:25.596Z] [runtime-status] [69388] Functions runtime initialized. {"cwd":"/Users/jsyovo/Documents/2. MyRepository/2-ReactJS/6-amazon-clone/functions","node_version":"14.7.0"} {"metadata":{"emulator":{"name":"functions"},"function":{"name":"api"},"message":"[runtime-status] [69388] Functions runtime initialized. {\"cwd\":\"/Users/jsyovo/Documents/2. MyRepository/2-ReactJS/6-amazon-clone/functions\",\"node_version\":\"14.7.0\"}"}}
[debug] [2020-10-05T16:25:25.598Z] [runtime-status] [69388] Disabled runtime features: undefined {"metadata":{"emulator":{"name":"functions"},"function":{"name":"api"},"message":"[runtime-status] [69388] Disabled runtime features: undefined"}}
[debug] [2020-10-05T16:25:25.601Z] [runtime-status] [69388] Resolved module firebase-admin {"declared":true,"installed":true,"version":"8.13.0","resolution":"/Users/jsyovo/Documents/2. MyRepository/2-ReactJS/6-amazon-clone/functions/node_modules/firebase-admin/lib/index.js"} {"metadata":{"emulator":{"name":"functions"},"function":{"name":"api"},"message":"[runtime-status] [69388] Resolved module firebase-admin {\"declared\":true,\"installed\":true,\"version\":\"8.13.0\",\"resolution\":\"/Users/jsyovo/Documents/2. MyRepository/2-ReactJS/6-amazon-clone/functions/node_modules/firebase-admin/lib/index.js\"}"}}
[debug] [2020-10-05T16:25:25.602Z] [runtime-status] [69388] Resolved module firebase-functions {"declared":true,"installed":true,"version":"3.11.0","resolution":"/Users/jsyovo/Documents/2. MyRepository/2-ReactJS/6-amazon-clone/functions/node_modules/firebase-functions/lib/index.js"} {"metadata":{"emulator":{"name":"functions"},"function":{"name":"api"},"message":"[runtime-status] [69388] Resolved module firebase-functions {\"declared\":true,\"installed\":true,\"version\":\"3.11.0\",\"resolution\":\"/Users/jsyovo/Documents/2. MyRepository/2-ReactJS/6-amazon-clone/functions/node_modules/firebase-functions/lib/index.js\"}"}}
[debug] [2020-10-05T16:25:25.604Z] [runtime-status] [69388] Resolved module firebase-functions {"declared":true,"installed":true,"version":"3.11.0","resolution":"/Users/jsyovo/Documents/2. MyRepository/2-ReactJS/6-amazon-clone/functions/node_modules/firebase-functions/lib/index.js"} {"metadata":{"emulator":{"name":"functions"},"function":{"name":"api"},"message":"[runtime-status] [69388] Resolved module firebase-functions {\"declared\":true,\"installed\":true,\"version\":\"3.11.0\",\"resolution\":\"/Users/jsyovo/Documents/2. MyRepository/2-ReactJS/6-amazon-clone/functions/node_modules/firebase-functions/lib/index.js\"}"}}
[debug] [2020-10-05T16:25:25.606Z] [runtime-status] [69388] Outgoing network have been stubbed. [{"name":"http","status":"mocked"},{"name":"http","status":"mocked"},{"name":"https","status":"mocked"},{"name":"https","status":"mocked"},{"name":"net","status":"mocked"}] {"metadata":{"emulator":{"name":"functions"},"function":{"name":"api"},"message":"[runtime-status] [69388] Outgoing network have been stubbed. [{\"name\":\"http\",\"status\":\"mocked\"},{\"name\":\"http\",\"status\":\"mocked\"},{\"name\":\"https\",\"status\":\"mocked\"},{\"name\":\"https\",\"status\":\"mocked\"},{\"name\":\"net\",\"status\":\"mocked\"}]"}}
[debug] [2020-10-05T16:25:25.607Z] [runtime-status] [69388] Resolved module firebase-functions {"declared":true,"installed":true,"version":"3.11.0","resolution":"/Users/jsyovo/Documents/2. MyRepository/2-ReactJS/6-amazon-clone/functions/node_modules/firebase-functions/lib/index.js"} {"metadata":{"emulator":{"name":"functions"},"function":{"name":"api"},"message":"[runtime-status] [69388] Resolved module firebase-functions {\"declared\":true,\"installed\":true,\"version\":\"3.11.0\",\"resolution\":\"/Users/jsyovo/Documents/2. MyRepository/2-ReactJS/6-amazon-clone/functions/node_modules/firebase-functions/lib/index.js\"}"}}
[debug] [2020-10-05T16:25:25.681Z] [runtime-status] [69388] Checked functions.config() {"config":{}} {"metadata":{"emulator":{"name":"functions"},"function":{"name":"api"},"message":"[runtime-status] [69388] Checked functions.config() {\"config\":{}}"}}
[debug] [2020-10-05T16:25:25.682Z] [runtime-status] [69388] firebase-functions has been stubbed. {"functionsResolution":{"declared":true,"installed":true,"version":"3.11.0","resolution":"/Users/jsyovo/Documents/2. MyRepository/2-ReactJS/6-amazon-clone/functions/node_modules/firebase-functions/lib/index.js"}} {"metadata":{"emulator":{"name":"functions"},"function":{"name":"api"},"message":"[runtime-status] [69388] firebase-functions has been stubbed. {\"functionsResolution\":{\"declared\":true,\"installed\":true,\"version\":\"3.11.0\",\"resolution\":\"/Users/jsyovo/Documents/2. MyRepository/2-ReactJS/6-amazon-clone/functions/node_modules/firebase-functions/lib/index.js\"}}"}}
[debug] [2020-10-05T16:25:25.683Z] [runtime-status] [69388] Resolved module firebase-functions {"declared":true,"installed":true,"version":"3.11.0","resolution":"/Users/jsyovo/Documents/2. MyRepository/2-ReactJS/6-amazon-clone/functions/node_modules/firebase-functions/lib/index.js"} {"metadata":{"emulator":{"name":"functions"},"function":{"name":"api"},"message":"[runtime-status] [69388] Resolved module firebase-functions {\"declared\":true,\"installed\":true,\"version\":\"3.11.0\",\"resolution\":\"/Users/jsyovo/Documents/2. MyRepository/2-ReactJS/6-amazon-clone/functions/node_modules/firebase-functions/lib/index.js\"}"}}
[debug] [2020-10-05T16:25:25.683Z] [runtime-status] [69388] Resolved module firebase-admin {"declared":true,"installed":true,"version":"8.13.0","resolution":"/Users/jsyovo/Documents/2. MyRepository/2-ReactJS/6-amazon-clone/functions/node_modules/firebase-admin/lib/index.js"} {"metadata":{"emulator":{"name":"functions"},"function":{"name":"api"},"message":"[runtime-status] [69388] Resolved module firebase-admin {\"declared\":true,\"installed\":true,\"version\":\"8.13.0\",\"resolution\":\"/Users/jsyovo/Documents/2. MyRepository/2-ReactJS/6-amazon-clone/functions/node_modules/firebase-admin/lib/index.js\"}"}}
[debug] [2020-10-05T16:25:25.684Z] [runtime-status] [69388] Resolved module firebase-functions {"declared":true,"installed":true,"version":"3.11.0","resolution":"/Users/jsyovo/Documents/2. MyRepository/2-ReactJS/6-amazon-clone/functions/node_modules/firebase-functions/lib/index.js"} {"metadata":{"emulator":{"name":"functions"},"function":{"name":"api"},"message":"[runtime-status] [69388] Resolved module firebase-functions {\"declared\":true,\"installed\":true,\"version\":\"3.11.0\",\"resolution\":\"/Users/jsyovo/Documents/2. MyRepository/2-ReactJS/6-amazon-clone/functions/node_modules/firebase-functions/lib/index.js\"}"}}
[debug] [2020-10-05T16:25:25.684Z] [runtime-status] [69388] firebase-admin has been stubbed. {"adminResolution":{"declared":true,"installed":true,"version":"8.13.0","resolution":"/Users/jsyovo/Documents/2. MyRepository/2-ReactJS/6-amazon-clone/functions/node_modules/firebase-admin/lib/index.js"}} {"metadata":{"emulator":{"name":"functions"},"function":{"name":"api"},"message":"[runtime-status] [69388] firebase-admin has been stubbed. {\"adminResolution\":{\"declared\":true,\"installed\":true,\"version\":\"8.13.0\",\"resolution\":\"/Users/jsyovo/Documents/2. MyRepository/2-ReactJS/6-amazon-clone/functions/node_modules/firebase-admin/lib/index.js\"}}"}}
[debug] [2020-10-05T16:25:25.882Z] [runtime-status] [69388] Trigger "api" has been found, beginning invocation! {"metadata":{"emulator":{"name":"functions"},"function":{"name":"api"},"message":"[runtime-status] [69388] Trigger \"api\" has been found, beginning invocation!"}}
[info] i  functions: Beginning execution of "api" {"metadata":{"emulator":{"name":"functions"},"function":{"name":"api"},"message":"Beginning execution of \"api\""}}
[debug] [2020-10-05T16:25:25.884Z] [runtime-status] [69388] triggerDefinition {"httpsTrigger":{},"name":"api","entryPoint":"api"} {"metadata":{"emulator":{"name":"functions"},"function":{"name":"api"},"message":"[runtime-status] [69388] triggerDefinition {\"httpsTrigger\":{},\"name\":\"api\",\"entryPoint\":\"api\"}"}}
[debug] [2020-10-05T16:25:25.884Z] [runtime-status] [69388] Running api in mode HTTPS {"metadata":{"emulator":{"name":"functions"},"function":{"name":"api"},"message":"[runtime-status] [69388] Running api in mode HTTPS"}}
[debug] [2020-10-05T16:25:25.884Z] [runtime-status] [69388] Attempting to listen to socketPath: /var/folders/zz/44q1h2b57f11xlbbyc0jr3xm0000gn/T/fire_emu_69388.sock {"metadata":{"emulator":{"name":"functions"},"function":{"name":"api"},"message":"[runtime-status] [69388] Attempting to listen to socketPath: /var/folders/zz/44q1h2b57f11xlbbyc0jr3xm0000gn/T/fire_emu_69388.sock"}}
[debug] [2020-10-05T16:25:25.896Z] [functions] Runtime ready! Sending request! {"metadata":{"emulator":{"name":"functions"},"message":"[functions] Runtime ready! Sending request!"}}
[debug] [2020-10-05T16:25:25.919Z] [runtime-status] [69388] Ephemeral server handling POST request {"metadata":{"emulator":{"name":"functions"},"function":{"name":"api"},"message":"[runtime-status] [69388] Ephemeral server handling POST request"}}
[info] >  Payment Request Recieved / Amount >>  64497 {"user":"Payment Request Recieved / Amount >>  64497","metadata":{"emulator":{"name":"functions"},"function":{"name":"api"},"message":"\u001b[90m> \u001b[39m Payment Request Recieved / Amount >>  64497"}}
[debug] [2020-10-05T16:25:25.935Z] [runtime-status] [69388] Ephemeral server survived. {"metadata":{"emulator":{"name":"functions"},"function":{"name":"api"},"message":"[runtime-status] [69388] Ephemeral server survived."}}
[info] >  Payment Res clientSecret >>  pi_1HYwV8BtDiPEwFpkRANaysVu_secret_DYIHWULeIkHOq1Qg0AHuYJkzG {"user":"Payment Res clientSecret >>  pi_1HYwV8BtDiPEwFpkRANaysVu_secret_DYIHWULeIkHOq1Qg0AHuYJkzG","metadata":{"emulator":{"name":"functions"},"function":{"name":"api"},"message":"\u001b[90m> \u001b[39m Payment Res clientSecret >>  pi_1HYwV8BtDiPEwFpkRANaysVu_secret_DYIHWULeIkHOq1Qg0AHuYJkzG"}}
[info] i  functions: Finished "api" in ~1s {"metadata":{"emulator":{"name":"functions"},"function":{"name":"api"},"message":"Finished \"api\" in ~1s"}}
[debug] [2020-10-05T16:25:26.418Z] [worker-api-2a2c2ff5-b428-4e4e-8b5a-5c766c85f997]: IDLE {"metadata":{"emulator":{"name":"functions"},"message":"[worker-api-2a2c2ff5-b428-4e4e-8b5a-5c766c85f997]: IDLE"}}
[debug] [2020-10-05T16:25:26.418Z] [work-queue] {"queueLength":0,"workRunningCount":0}
[debug] [2020-10-05T16:26:15.700Z] [work-queue] {"queueLength":1,"workRunningCount":0}
[debug] [2020-10-05T16:26:15.700Z] [work-queue] {"queueLength":0,"workRunningCount":1}
[debug] [2020-10-05T16:26:15.700Z] Accepted request POST /clone-31f17/us-central1/api/payments/create?total=0 --> api
[debug] [2020-10-05T16:26:15.701Z] [worker-pool] submitWork(triggerId=api) {"metadata":{"emulator":{"name":"functions"},"message":"[worker-pool] submitWork(triggerId=api)"}}
[debug] [2020-10-05T16:26:15.701Z] [worker-api-2a2c2ff5-b428-4e4e-8b5a-5c766c85f997]: Assigning socketPath: /var/folders/zz/44q1h2b57f11xlbbyc0jr3xm0000gn/T/fire_emu_69388.sock {"metadata":{"emulator":{"name":"functions"},"message":"[worker-api-2a2c2ff5-b428-4e4e-8b5a-5c766c85f997]: Assigning socketPath: /var/folders/zz/44q1h2b57f11xlbbyc0jr3xm0000gn/T/fire_emu_69388.sock"}}
[debug] [2020-10-05T16:26:15.701Z] [worker-api-2a2c2ff5-b428-4e4e-8b5a-5c766c85f997]: BUSY {"metadata":{"emulator":{"name":"functions"},"message":"[worker-api-2a2c2ff5-b428-4e4e-8b5a-5c766c85f997]: BUSY"}}
[debug] [2020-10-05T16:26:15.702Z] [runtime-status] [69388] Trigger "api" has been found, beginning invocation! {"metadata":{"emulator":{"name":"functions"},"function":{"name":"api"},"message":"[runtime-status] [69388] Trigger \"api\" has been found, beginning invocation!"}}
[info] i  functions: Beginning execution of "api" {"metadata":{"emulator":{"name":"functions"},"function":{"name":"api"},"message":"Beginning execution of \"api\""}}
[debug] [2020-10-05T16:26:15.702Z] [runtime-status] [69388] triggerDefinition {"httpsTrigger":{},"name":"api","entryPoint":"api"} {"metadata":{"emulator":{"name":"functions"},"function":{"name":"api"},"message":"[runtime-status] [69388] triggerDefinition {\"httpsTrigger\":{},\"name\":\"api\",\"entryPoint\":\"api\"}"}}
[debug] [2020-10-05T16:26:15.702Z] [runtime-status] [69388] Running api in mode HTTPS {"metadata":{"emulator":{"name":"functions"},"function":{"name":"api"},"message":"[runtime-status] [69388] Running api in mode HTTPS"}}
[debug] [2020-10-05T16:26:15.702Z] [runtime-status] [69388] Attempting to listen to socketPath: /var/folders/zz/44q1h2b57f11xlbbyc0jr3xm0000gn/T/fire_emu_69388.sock {"metadata":{"emulator":{"name":"functions"},"function":{"name":"api"},"message":"[runtime-status] [69388] Attempting to listen to socketPath: /var/folders/zz/44q1h2b57f11xlbbyc0jr3xm0000gn/T/fire_emu_69388.sock"}}
[debug] [2020-10-05T16:26:15.703Z] [functions] Runtime ready! Sending request! {"metadata":{"emulator":{"name":"functions"},"message":"[functions] Runtime ready! Sending request!"}}
[debug] [2020-10-05T16:26:15.707Z] [runtime-status] [69388] Ephemeral server handling POST request {"metadata":{"emulator":{"name":"functions"},"function":{"name":"api"},"message":"[runtime-status] [69388] Ephemeral server handling POST request"}}
[info] >  Payment Request Recieved / Amount >>  0 {"user":"Payment Request Recieved / Amount >>  0","metadata":{"emulator":{"name":"functions"},"function":{"name":"api"},"message":"\u001b[90m> \u001b[39m Payment Request Recieved / Amount >>  0"}}
[debug] [2020-10-05T16:26:15.708Z] [runtime-status] [69388] Ephemeral server survived. {"metadata":{"emulator":{"name":"functions"},"function":{"name":"api"},"message":"[runtime-status] [69388] Ephemeral server survived."}}
[info] >  (node:69388) UnhandledPromiseRejectionWarning: Error: This value must be greater than or equal to 1. {"user":"(node:69388) UnhandledPromiseRejectionWarning: Error: This value must be greater than or equal to 1.","metadata":{"emulator":{"name":"functions"},"function":{"name":"api"},"message":"\u001b[90m> \u001b[39m (node:69388) UnhandledPromiseRejectionWarning: Error: This value must be greater than or equal to 1."}}
[info] >      at Function.generate (/Users/jsyovo/Documents/2. MyRepository/2-ReactJS/6-amazon-clone/functions/node_modules/stripe/lib/Error.js:39:16) {"user":"    at Function.generate (/Users/jsyovo/Documents/2. MyRepository/2-ReactJS/6-amazon-clone/functions/node_modules/stripe/lib/Error.js:39:16)","metadata":{"emulator":{"name":"functions"},"function":{"name":"api"},"message":"\u001b[90m> \u001b[39m     at Function.generate (/Users/jsyovo/Documents/2. MyRepository/2-ReactJS/6-amazon-clone/functions/node_modules/stripe/lib/Error.js:39:16)"}}
[info] >      at IncomingMessage.<anonymous> (/Users/jsyovo/Documents/2. MyRepository/2-ReactJS/6-amazon-clone/functions/node_modules/stripe/lib/StripeResource.js:190:33) {"user":"    at IncomingMessage.<anonymous> (/Users/jsyovo/Documents/2. MyRepository/2-ReactJS/6-amazon-clone/functions/node_modules/stripe/lib/StripeResource.js:190:33)","metadata":{"emulator":{"name":"functions"},"function":{"name":"api"},"message":"\u001b[90m> \u001b[39m     at IncomingMessage.<anonymous> (/Users/jsyovo/Documents/2. MyRepository/2-ReactJS/6-amazon-clone/functions/node_modules/stripe/lib/StripeResource.js:190:33)"}}
[info] >      at Object.onceWrapper (events.js:420:28) {"user":"    at Object.onceWrapper (events.js:420:28)","metadata":{"emulator":{"name":"functions"},"function":{"name":"api"},"message":"\u001b[90m> \u001b[39m     at Object.onceWrapper (events.js:420:28)"}}
[info] >      at IncomingMessage.emit (events.js:326:22) {"user":"    at IncomingMessage.emit (events.js:326:22)","metadata":{"emulator":{"name":"functions"},"function":{"name":"api"},"message":"\u001b[90m> \u001b[39m     at IncomingMessage.emit (events.js:326:22)"}}
[info] >      at endReadableNT (_stream_readable.js:1244:12) {"user":"    at endReadableNT (_stream_readable.js:1244:12)","metadata":{"emulator":{"name":"functions"},"function":{"name":"api"},"message":"\u001b[90m> \u001b[39m     at endReadableNT (_stream_readable.js:1244:12)"}}
[info] >      at processTicksAndRejections (internal/process/task_queues.js:80:21) {"user":"    at processTicksAndRejections (internal/process/task_queues.js:80:21)","metadata":{"emulator":{"name":"functions"},"function":{"name":"api"},"message":"\u001b[90m> \u001b[39m     at processTicksAndRejections (internal/process/task_queues.js:80:21)"}}
[info] >  (Use `node --trace-warnings ...` to show where the warning was created) {"user":"(Use `node --trace-warnings ...` to show where the warning was created)","metadata":{"emulator":{"name":"functions"},"function":{"name":"api"},"message":"\u001b[90m> \u001b[39m (Use `node --trace-warnings ...` to show where the warning was created)"}}
[info] >  (node:69388) UnhandledPromiseRejectionWarning: Unhandled promise rejection. This error originated either by throwing inside of an async function without a catch block, or by rejecting a promise which was not handled with .catch(). To terminate the node process on unhandled promise rejection, use the CLI flag `--unhandled-rejections=strict` (see https://nodejs.org/api/cli.html#cli_unhandled_rejections_mode). (rejection id: 1) {"user":"(node:69388) UnhandledPromiseRejectionWarning: Unhandled promise rejection. This error originated either by throwing inside of an async function without a catch block, or by rejecting a promise which was not handled with .catch(). To terminate the node process on unhandled promise rejection, use the CLI flag `--unhandled-rejections=strict` (see https://nodejs.org/api/cli.html#cli_unhandled_rejections_mode). (rejection id: 1)","metadata":{"emulator":{"name":"functions"},"function":{"name":"api"},"message":"\u001b[90m> \u001b[39m (node:69388) UnhandledPromiseRejectionWarning: Unhandled promise rejection. This error originated either by throwing inside of an async function without a catch block, or by rejecting a promise which was not handled with .catch(). To terminate the node process on unhandled promise rejection, use the CLI flag `--unhandled-rejections=strict` (see https://nodejs.org/api/cli.html#cli_unhandled_rejections_mode). (rejection id: 1)"}}
[info] >  (node:69388) [DEP0018] DeprecationWarning: Unhandled promise rejections are deprecated. In the future, promise rejections that are not handled will terminate the Node.js process with a non-zero exit code. {"user":"(node:69388) [DEP0018] DeprecationWarning: Unhandled promise rejections are deprecated. In the future, promise rejections that are not handled will terminate the Node.js process with a non-zero exit code.","metadata":{"emulator":{"name":"functions"},"function":{"name":"api"},"message":"\u001b[90m> \u001b[39m (node:69388) [DEP0018] DeprecationWarning: Unhandled promise rejections are deprecated. In the future, promise rejections that are not handled will terminate the Node.js process with a non-zero exit code."}}
[warn] ⚠  functions: Your function timed out after ~60s. To configure this timeout, see
      https://firebase.google.com/docs/functions/manage-functions#set_timeout_and_memory_allocation. {"metadata":{"emulator":{"name":"functions"},"function":{"name":"api"},"message":"Your function timed out after ~60s. To configure this timeout, see\n      https://firebase.google.com/docs/functions/manage-functions#set_timeout_and_memory_allocation."}}
[info] >  /usr/local/lib/node_modules/firebase-tools/lib/emulator/functionsEmulatorRuntime.js:642 {"user":"/usr/local/lib/node_modules/firebase-tools/lib/emulator/functionsEmulatorRuntime.js:642","metadata":{"emulator":{"name":"functions"},"function":{"name":"api"},"message":"\u001b[90m> \u001b[39m /usr/local/lib/node_modules/firebase-tools/lib/emulator/functionsEmulatorRuntime.js:642"}}
[info] >                  throw new Error("Function timed out."); {"user":"                throw new Error(\"Function timed out.\");","metadata":{"emulator":{"name":"functions"},"function":{"name":"api"},"message":"\u001b[90m> \u001b[39m                 throw new Error(\"Function timed out.\");"}}
[info] >                  ^ {"user":"                ^","metadata":{"emulator":{"name":"functions"},"function":{"name":"api"},"message":"\u001b[90m> \u001b[39m                 ^"}}
[info] >   {"user":"","metadata":{"emulator":{"name":"functions"},"function":{"name":"api"},"message":"\u001b[90m> \u001b[39m "}}
[info] >  Error: Function timed out. {"user":"Error: Function timed out.","metadata":{"emulator":{"name":"functions"},"function":{"name":"api"},"message":"\u001b[90m> \u001b[39m Error: Function timed out."}}
[info] >      at Timeout._onTimeout (/usr/local/lib/node_modules/firebase-tools/lib/emulator/functionsEmulatorRuntime.js:642:23) {"user":"    at Timeout._onTimeout (/usr/local/lib/node_modules/firebase-tools/lib/emulator/functionsEmulatorRuntime.js:642:23)","metadata":{"emulator":{"name":"functions"},"function":{"name":"api"},"message":"\u001b[90m> \u001b[39m     at Timeout._onTimeout (/usr/local/lib/node_modules/firebase-tools/lib/emulator/functionsEmulatorRuntime.js:642:23)"}}
[info] >      at listOnTimeout (internal/timers.js:551:17) {"user":"    at listOnTimeout (internal/timers.js:551:17)","metadata":{"emulator":{"name":"functions"},"function":{"name":"api"},"message":"\u001b[90m> \u001b[39m     at listOnTimeout (internal/timers.js:551:17)"}}
[info] >      at processTimers (internal/timers.js:494:7) {"user":"    at processTimers (internal/timers.js:494:7)","metadata":{"emulator":{"name":"functions"},"function":{"name":"api"},"message":"\u001b[90m> \u001b[39m     at processTimers (internal/timers.js:494:7)"}}
[debug] [2020-10-05T16:27:15.731Z] [worker-api-2a2c2ff5-b428-4e4e-8b5a-5c766c85f997]: exited {"metadata":{"emulator":{"name":"functions"},"message":"[worker-api-2a2c2ff5-b428-4e4e-8b5a-5c766c85f997]: exited"}}
[debug] [2020-10-05T16:27:15.732Z] [worker-api-2a2c2ff5-b428-4e4e-8b5a-5c766c85f997]: FINISHED {"metadata":{"emulator":{"name":"functions"},"message":"[worker-api-2a2c2ff5-b428-4e4e-8b5a-5c766c85f997]: FINISHED"}}
[debug] [2020-10-05T16:27:15.733Z] [work-queue] {"queueLength":0,"workRunningCount":0}
